CRITICAL - 2024-01-18 07:58:24 --> Class "Locale" not found
in SYSTEMPATH\CodeIgniter.php on line 194.
 1 ROOTPATH\spark(83): CodeIgniter\CodeIgniter->initialize()
CRITICAL - 2024-01-18 07:58:55 --> Class "Locale" not found
in SYSTEMPATH\CodeIgniter.php on line 194.
 1 ROOTPATH\spark(83): CodeIgniter\CodeIgniter->initialize()
CRITICAL - 2024-01-18 07:58:57 --> Class "Locale" not found
in SYSTEMPATH\CodeIgniter.php on line 194.
 1 ROOTPATH\spark(83): CodeIgniter\CodeIgniter->initialize()
INFO - 2024-01-18 07:02:39 --> Session: Class initialized using 'CodeIgniter\Session\Handlers\FileHandler' driver.
INFO - 2024-01-18 07:02:45 --> Session: Class initialized using 'CodeIgniter\Session\Handlers\FileHandler' driver.
INFO - 2024-01-18 07:02:46 --> Session: Class initialized using 'CodeIgniter\Session\Handlers\FileHandler' driver.
INFO - 2024-01-18 07:02:55 --> Session: Class initialized using 'CodeIgniter\Session\Handlers\FileHandler' driver.
CRITICAL - 2024-01-18 07:05:25 --> Class "App\Controllers\Stasiun" not found
in APPPATH\Controllers\Main.php on line 17.
 1 SYSTEMPATH\CodeIgniter.php(904): App\Controllers\Main->__construct()
 2 SYSTEMPATH\CodeIgniter.php(488): CodeIgniter\CodeIgniter->createController()
 3 SYSTEMPATH\CodeIgniter.php(366): CodeIgniter\CodeIgniter->handleRequest(null, Object(Config\Cache), false)
 4 FCPATH\index.php(67): CodeIgniter\CodeIgniter->run()
 5 SYSTEMPATH\Commands\Server\rewrite.php(47): require_once('D:\\Tugas Kampus dan Kantor\\Traex\\T-Raex\\public\\index.php')
CRITICAL - 2024-01-18 07:10:03 --> Undefined array key "nama_stasiun"
in APPPATH\Views\view_user\v_main.php on line 18.
 1 APPPATH\Views\view_user\v_main.php(18): CodeIgniter\Debug\Exceptions->errorHandler(2, 'Undefined array key "nama_stasiun"', 'D:\\Tugas Kampus dan Kantor\\Traex\\T-Raex\\app\\Views\\view_user\\v_main.php', 18)
 2 SYSTEMPATH\View\View.php(224): include('D:\\Tugas Kampus dan Kantor\\Traex\\T-Raex\\app\\Views\\view_user\\v_main.php')
 3 SYSTEMPATH\View\View.php(227): CodeIgniter\View\View->CodeIgniter\View\{closure}()
 4 SYSTEMPATH\Common.php(1180): CodeIgniter\View\View->render('view_user/v_main', [], true)
 5 APPPATH\Controllers\Main.php(30): view('view_user/v_main', [...])
 6 SYSTEMPATH\CodeIgniter.php(932): App\Controllers\Main->index()
 7 SYSTEMPATH\CodeIgniter.php(497): CodeIgniter\CodeIgniter->runController(Object(App\Controllers\Main))
 8 SYSTEMPATH\CodeIgniter.php(366): CodeIgniter\CodeIgniter->handleRequest(null, Object(Config\Cache), false)
 9 FCPATH\index.php(67): CodeIgniter\CodeIgniter->run()
10 SYSTEMPATH\Commands\Server\rewrite.php(47): require_once('D:\\Tugas Kampus dan Kantor\\Traex\\T-Raex\\public\\index.php')
CRITICAL - 2024-01-18 07:29:04 --> Undefined array key "id"
in APPPATH\Controllers\Main.php on line 36.
 1 APPPATH\Controllers\Main.php(36): CodeIgniter\Debug\Exceptions->errorHandler(2, 'Undefined array key "id"', 'D:\\Tugas Kampus dan Kantor\\Traex\\T-Raex\\app\\Controllers\\Main.php', 36)
 2 SYSTEMPATH\CodeIgniter.php(932): App\Controllers\Main->cari()
 3 SYSTEMPATH\CodeIgniter.php(497): CodeIgniter\CodeIgniter->runController(Object(App\Controllers\Main))
 4 SYSTEMPATH\CodeIgniter.php(366): CodeIgniter\CodeIgniter->handleRequest(null, Object(Config\Cache), false)
 5 FCPATH\index.php(67): CodeIgniter\CodeIgniter->run()
 6 SYSTEMPATH\Commands\Server\rewrite.php(47): require_once('D:\\Tugas Kampus dan Kantor\\Traex\\T-Raex\\public\\index.php')
CRITICAL - 2024-01-18 07:31:09 --> Undefined property: App\Controllers\Main::$input
in APPPATH\Controllers\Main.php on line 35.
 1 APPPATH\Controllers\Main.php(35): CodeIgniter\Debug\Exceptions->errorHandler(2, 'Undefined property: App\\Controllers\\Main::$input', 'D:\\Tugas Kampus dan Kantor\\Traex\\T-Raex\\app\\Controllers\\Main.php', 35)
 2 SYSTEMPATH\CodeIgniter.php(932): App\Controllers\Main->cari()
 3 SYSTEMPATH\CodeIgniter.php(497): CodeIgniter\CodeIgniter->runController(Object(App\Controllers\Main))
 4 SYSTEMPATH\CodeIgniter.php(366): CodeIgniter\CodeIgniter->handleRequest(null, Object(Config\Cache), false)
 5 FCPATH\index.php(67): CodeIgniter\CodeIgniter->run()
 6 SYSTEMPATH\Commands\Server\rewrite.php(47): require_once('D:\\Tugas Kampus dan Kantor\\Traex\\T-Raex\\public\\index.php')
ERROR - 2024-01-18 07:44:36 --> mysqli_sql_exception: Unknown column 'id_stasiun' in 'where clause' in D:\Tugas Kampus dan Kantor\Traex\T-Raex\system\Database\MySQLi\Connection.php:295
Stack trace:
#0 D:\Tugas Kampus dan Kantor\Traex\T-Raex\system\Database\MySQLi\Connection.php(295): mysqli->query('SELECT *\nFROM `...', 0)
#1 D:\Tugas Kampus dan Kantor\Traex\T-Raex\system\Database\BaseConnection.php(692): CodeIgniter\Database\MySQLi\Connection->execute('SELECT *\nFROM `...')
#2 D:\Tugas Kampus dan Kantor\Traex\T-Raex\system\Database\BaseConnection.php(606): CodeIgniter\Database\BaseConnection->simpleQuery('SELECT *\nFROM `...')
#3 D:\Tugas Kampus dan Kantor\Traex\T-Raex\system\Database\BaseBuilder.php(1616): CodeIgniter\Database\BaseConnection->query('SELECT *\nFROM `...', Array, false)
#4 D:\Tugas Kampus dan Kantor\Traex\T-Raex\system\Model.php(241): CodeIgniter\Database\BaseBuilder->get()
#5 D:\Tugas Kampus dan Kantor\Traex\T-Raex\system\BaseModel.php(618): CodeIgniter\Model->doFindAll(0, 0)
#6 D:\Tugas Kampus dan Kantor\Traex\T-Raex\app\Models\Stasiun.php(48): CodeIgniter\BaseModel->findAll()
#7 D:\Tugas Kampus dan Kantor\Traex\T-Raex\app\Controllers\Main.php(42): App\Models\Stasiun->getRouteAndOrder('93', '4')
#8 D:\Tugas Kampus dan Kantor\Traex\T-Raex\system\CodeIgniter.php(932): App\Controllers\Main->cari()
#9 D:\Tugas Kampus dan Kantor\Traex\T-Raex\system\CodeIgniter.php(497): CodeIgniter\CodeIgniter->runController(Object(App\Controllers\Main))
#10 D:\Tugas Kampus dan Kantor\Traex\T-Raex\system\CodeIgniter.php(366): CodeIgniter\CodeIgniter->handleRequest(NULL, Object(Config\Cache), false)
#11 D:\Tugas Kampus dan Kantor\Traex\T-Raex\public\index.php(67): CodeIgniter\CodeIgniter->run()
#12 D:\Tugas Kampus dan Kantor\Traex\T-Raex\system\Commands\Server\rewrite.php(47): require_once('D:\\Tugas Kampus...')
#13 {main}
CRITICAL - 2024-01-18 07:44:36 --> Unknown column 'id_stasiun' in 'where clause'
in SYSTEMPATH\Database\MySQLi\Connection.php on line 295.
 1 SYSTEMPATH\Database\MySQLi\Connection.php(295): mysqli->query('SELECT *
FROM `tb_stasiun`
WHERE `id_stasiun` = \'93\'
OR `id_stasiun` = \'4\'
ORDER BY `id_rute` ASC, `urutan` ASC', 0)
 2 SYSTEMPATH\Database\BaseConnection.php(692): CodeIgniter\Database\MySQLi\Connection->execute('SELECT *
FROM `tb_stasiun`
WHERE `id_stasiun` = \'93\'
OR `id_stasiun` = \'4\'
ORDER BY `id_rute` ASC, `urutan` ASC')
 3 SYSTEMPATH\Database\BaseConnection.php(606): CodeIgniter\Database\BaseConnection->simpleQuery('SELECT *
FROM `tb_stasiun`
WHERE `id_stasiun` = \'93\'
OR `id_stasiun` = \'4\'
ORDER BY `id_rute` ASC, `urutan` ASC')
 4 SYSTEMPATH\Database\BaseBuilder.php(1616): CodeIgniter\Database\BaseConnection->query('SELECT *
FROM `tb_stasiun`
WHERE `id_stasiun` = :id_stasiun:
OR `id_stasiun` = :id_stasiun.1:
ORDER BY `id_rute` ASC, `urutan` ASC', [...], false)
 5 SYSTEMPATH\Model.php(241): CodeIgniter\Database\BaseBuilder->get()
 6 SYSTEMPATH\BaseModel.php(618): CodeIgniter\Model->doFindAll(0, 0)
 7 APPPATH\Models\Stasiun.php(48): CodeIgniter\BaseModel->findAll()
 8 APPPATH\Controllers\Main.php(42): App\Models\Stasiun->getRouteAndOrder('93', '4')
 9 SYSTEMPATH\CodeIgniter.php(932): App\Controllers\Main->cari()
10 SYSTEMPATH\CodeIgniter.php(497): CodeIgniter\CodeIgniter->runController(Object(App\Controllers\Main))
11 SYSTEMPATH\CodeIgniter.php(366): CodeIgniter\CodeIgniter->handleRequest(null, Object(Config\Cache), false)
12 FCPATH\index.php(67): CodeIgniter\CodeIgniter->run()
13 SYSTEMPATH\Commands\Server\rewrite.php(47): require_once('D:\\Tugas Kampus dan Kantor\\Traex\\T-Raex\\public\\index.php')
WARNING - 2024-01-18 07:46:41 --> [DEPRECATED] Creation of dynamic property App\Controllers\Main::$urutan is deprecated in APPPATH\Controllers\Main.php on line 20.
 1 SYSTEMPATH\CodeIgniter.php(904): App\Controllers\Main->__construct()
 2 SYSTEMPATH\CodeIgniter.php(488): CodeIgniter\CodeIgniter->createController()
 3 SYSTEMPATH\CodeIgniter.php(366): CodeIgniter\CodeIgniter->handleRequest(null, Object(Config\Cache), false)
 4 FCPATH\index.php(67): CodeIgniter\CodeIgniter->run()
 5 SYSTEMPATH\Commands\Server\rewrite.php(47): require_once('D:\\Tugas Kampus dan Kantor\\Traex\\T-Raex\\public\\index.php')
ERROR - 2024-01-18 07:46:41 --> mysqli_sql_exception: Unknown column 'id_stasiun' in 'where clause' in D:\Tugas Kampus dan Kantor\Traex\T-Raex\system\Database\MySQLi\Connection.php:295
Stack trace:
#0 D:\Tugas Kampus dan Kantor\Traex\T-Raex\system\Database\MySQLi\Connection.php(295): mysqli->query('SELECT *\nFROM `...', 0)
#1 D:\Tugas Kampus dan Kantor\Traex\T-Raex\system\Database\BaseConnection.php(692): CodeIgniter\Database\MySQLi\Connection->execute('SELECT *\nFROM `...')
#2 D:\Tugas Kampus dan Kantor\Traex\T-Raex\system\Database\BaseConnection.php(606): CodeIgniter\Database\BaseConnection->simpleQuery('SELECT *\nFROM `...')
#3 D:\Tugas Kampus dan Kantor\Traex\T-Raex\system\Database\BaseBuilder.php(1616): CodeIgniter\Database\BaseConnection->query('SELECT *\nFROM `...', Array, false)
#4 D:\Tugas Kampus dan Kantor\Traex\T-Raex\system\Model.php(241): CodeIgniter\Database\BaseBuilder->get()
#5 D:\Tugas Kampus dan Kantor\Traex\T-Raex\system\BaseModel.php(618): CodeIgniter\Model->doFindAll(0, 0)
#6 D:\Tugas Kampus dan Kantor\Traex\T-Raex\app\Models\Urutan.php(48): CodeIgniter\BaseModel->findAll()
#7 D:\Tugas Kampus dan Kantor\Traex\T-Raex\app\Controllers\Main.php(44): App\Models\Urutan->getRouteAndOrder('93', '4')
#8 D:\Tugas Kampus dan Kantor\Traex\T-Raex\system\CodeIgniter.php(932): App\Controllers\Main->cari()
#9 D:\Tugas Kampus dan Kantor\Traex\T-Raex\system\CodeIgniter.php(497): CodeIgniter\CodeIgniter->runController(Object(App\Controllers\Main))
#10 D:\Tugas Kampus dan Kantor\Traex\T-Raex\system\CodeIgniter.php(366): CodeIgniter\CodeIgniter->handleRequest(NULL, Object(Config\Cache), false)
#11 D:\Tugas Kampus dan Kantor\Traex\T-Raex\public\index.php(67): CodeIgniter\CodeIgniter->run()
#12 D:\Tugas Kampus dan Kantor\Traex\T-Raex\system\Commands\Server\rewrite.php(47): require_once('D:\\Tugas Kampus...')
#13 {main}
CRITICAL - 2024-01-18 07:46:41 --> Unknown column 'id_stasiun' in 'where clause'
in SYSTEMPATH\Database\MySQLi\Connection.php on line 295.
 1 SYSTEMPATH\Database\MySQLi\Connection.php(295): mysqli->query('SELECT *
FROM `tb_stasiun`
WHERE `id_stasiun` = \'93\'
OR `id_stasiun` = \'4\'
ORDER BY `id_rute` ASC, `urutan` ASC', 0)
 2 SYSTEMPATH\Database\BaseConnection.php(692): CodeIgniter\Database\MySQLi\Connection->execute('SELECT *
FROM `tb_stasiun`
WHERE `id_stasiun` = \'93\'
OR `id_stasiun` = \'4\'
ORDER BY `id_rute` ASC, `urutan` ASC')
 3 SYSTEMPATH\Database\BaseConnection.php(606): CodeIgniter\Database\BaseConnection->simpleQuery('SELECT *
FROM `tb_stasiun`
WHERE `id_stasiun` = \'93\'
OR `id_stasiun` = \'4\'
ORDER BY `id_rute` ASC, `urutan` ASC')
 4 SYSTEMPATH\Database\BaseBuilder.php(1616): CodeIgniter\Database\BaseConnection->query('SELECT *
FROM `tb_stasiun`
WHERE `id_stasiun` = :id_stasiun:
OR `id_stasiun` = :id_stasiun.1:
ORDER BY `id_rute` ASC, `urutan` ASC', [...], false)
 5 SYSTEMPATH\Model.php(241): CodeIgniter\Database\BaseBuilder->get()
 6 SYSTEMPATH\BaseModel.php(618): CodeIgniter\Model->doFindAll(0, 0)
 7 APPPATH\Models\Urutan.php(48): CodeIgniter\BaseModel->findAll()
 8 APPPATH\Controllers\Main.php(44): App\Models\Urutan->getRouteAndOrder('93', '4')
 9 SYSTEMPATH\CodeIgniter.php(932): App\Controllers\Main->cari()
10 SYSTEMPATH\CodeIgniter.php(497): CodeIgniter\CodeIgniter->runController(Object(App\Controllers\Main))
11 SYSTEMPATH\CodeIgniter.php(366): CodeIgniter\CodeIgniter->handleRequest(null, Object(Config\Cache), false)
12 FCPATH\index.php(67): CodeIgniter\CodeIgniter->run()
13 SYSTEMPATH\Commands\Server\rewrite.php(47): require_once('D:\\Tugas Kampus dan Kantor\\Traex\\T-Raex\\public\\index.php')
WARNING - 2024-01-18 07:46:54 --> [DEPRECATED] Creation of dynamic property App\Controllers\Main::$urutan is deprecated in APPPATH\Controllers\Main.php on line 20.
 1 SYSTEMPATH\CodeIgniter.php(904): App\Controllers\Main->__construct()
 2 SYSTEMPATH\CodeIgniter.php(488): CodeIgniter\CodeIgniter->createController()
 3 SYSTEMPATH\CodeIgniter.php(366): CodeIgniter\CodeIgniter->handleRequest(null, Object(Config\Cache), false)
 4 FCPATH\index.php(67): CodeIgniter\CodeIgniter->run()
 5 SYSTEMPATH\Commands\Server\rewrite.php(47): require_once('D:\\Tugas Kampus dan Kantor\\Traex\\T-Raex\\public\\index.php')
ERROR - 2024-01-18 07:46:54 --> mysqli_sql_exception: Unknown column 'id_stasiun' in 'where clause' in D:\Tugas Kampus dan Kantor\Traex\T-Raex\system\Database\MySQLi\Connection.php:295
Stack trace:
#0 D:\Tugas Kampus dan Kantor\Traex\T-Raex\system\Database\MySQLi\Connection.php(295): mysqli->query('SELECT *\nFROM `...', 0)
#1 D:\Tugas Kampus dan Kantor\Traex\T-Raex\system\Database\BaseConnection.php(692): CodeIgniter\Database\MySQLi\Connection->execute('SELECT *\nFROM `...')
#2 D:\Tugas Kampus dan Kantor\Traex\T-Raex\system\Database\BaseConnection.php(606): CodeIgniter\Database\BaseConnection->simpleQuery('SELECT *\nFROM `...')
#3 D:\Tugas Kampus dan Kantor\Traex\T-Raex\system\Database\BaseBuilder.php(1616): CodeIgniter\Database\BaseConnection->query('SELECT *\nFROM `...', Array, false)
#4 D:\Tugas Kampus dan Kantor\Traex\T-Raex\system\Model.php(241): CodeIgniter\Database\BaseBuilder->get()
#5 D:\Tugas Kampus dan Kantor\Traex\T-Raex\system\BaseModel.php(618): CodeIgniter\Model->doFindAll(0, 0)
#6 D:\Tugas Kampus dan Kantor\Traex\T-Raex\app\Models\Urutan.php(48): CodeIgniter\BaseModel->findAll()
#7 D:\Tugas Kampus dan Kantor\Traex\T-Raex\app\Controllers\Main.php(44): App\Models\Urutan->getRouteAndOrder('93', '4')
#8 D:\Tugas Kampus dan Kantor\Traex\T-Raex\system\CodeIgniter.php(932): App\Controllers\Main->cari()
#9 D:\Tugas Kampus dan Kantor\Traex\T-Raex\system\CodeIgniter.php(497): CodeIgniter\CodeIgniter->runController(Object(App\Controllers\Main))
#10 D:\Tugas Kampus dan Kantor\Traex\T-Raex\system\CodeIgniter.php(366): CodeIgniter\CodeIgniter->handleRequest(NULL, Object(Config\Cache), false)
#11 D:\Tugas Kampus dan Kantor\Traex\T-Raex\public\index.php(67): CodeIgniter\CodeIgniter->run()
#12 D:\Tugas Kampus dan Kantor\Traex\T-Raex\system\Commands\Server\rewrite.php(47): require_once('D:\\Tugas Kampus...')
#13 {main}
CRITICAL - 2024-01-18 07:46:54 --> Unknown column 'id_stasiun' in 'where clause'
in SYSTEMPATH\Database\MySQLi\Connection.php on line 295.
 1 SYSTEMPATH\Database\MySQLi\Connection.php(295): mysqli->query('SELECT *
FROM `tb_stasiun`
WHERE `id_stasiun` = \'93\'
OR `id_stasiun` = \'4\'
ORDER BY `id_rute` ASC, `urutan` ASC', 0)
 2 SYSTEMPATH\Database\BaseConnection.php(692): CodeIgniter\Database\MySQLi\Connection->execute('SELECT *
FROM `tb_stasiun`
WHERE `id_stasiun` = \'93\'
OR `id_stasiun` = \'4\'
ORDER BY `id_rute` ASC, `urutan` ASC')
 3 SYSTEMPATH\Database\BaseConnection.php(606): CodeIgniter\Database\BaseConnection->simpleQuery('SELECT *
FROM `tb_stasiun`
WHERE `id_stasiun` = \'93\'
OR `id_stasiun` = \'4\'
ORDER BY `id_rute` ASC, `urutan` ASC')
 4 SYSTEMPATH\Database\BaseBuilder.php(1616): CodeIgniter\Database\BaseConnection->query('SELECT *
FROM `tb_stasiun`
WHERE `id_stasiun` = :id_stasiun:
OR `id_stasiun` = :id_stasiun.1:
ORDER BY `id_rute` ASC, `urutan` ASC', [...], false)
 5 SYSTEMPATH\Model.php(241): CodeIgniter\Database\BaseBuilder->get()
 6 SYSTEMPATH\BaseModel.php(618): CodeIgniter\Model->doFindAll(0, 0)
 7 APPPATH\Models\Urutan.php(48): CodeIgniter\BaseModel->findAll()
 8 APPPATH\Controllers\Main.php(44): App\Models\Urutan->getRouteAndOrder('93', '4')
 9 SYSTEMPATH\CodeIgniter.php(932): App\Controllers\Main->cari()
10 SYSTEMPATH\CodeIgniter.php(497): CodeIgniter\CodeIgniter->runController(Object(App\Controllers\Main))
11 SYSTEMPATH\CodeIgniter.php(366): CodeIgniter\CodeIgniter->handleRequest(null, Object(Config\Cache), false)
12 FCPATH\index.php(67): CodeIgniter\CodeIgniter->run()
13 SYSTEMPATH\Commands\Server\rewrite.php(47): require_once('D:\\Tugas Kampus dan Kantor\\Traex\\T-Raex\\public\\index.php')
WARNING - 2024-01-18 07:48:00 --> [DEPRECATED] Creation of dynamic property App\Controllers\Main::$urutan is deprecated in APPPATH\Controllers\Main.php on line 20.
 1 SYSTEMPATH\CodeIgniter.php(904): App\Controllers\Main->__construct()
 2 SYSTEMPATH\CodeIgniter.php(488): CodeIgniter\CodeIgniter->createController()
 3 SYSTEMPATH\CodeIgniter.php(366): CodeIgniter\CodeIgniter->handleRequest(null, Object(Config\Cache), false)
 4 FCPATH\index.php(67): CodeIgniter\CodeIgniter->run()
 5 SYSTEMPATH\Commands\Server\rewrite.php(47): require_once('D:\\Tugas Kampus dan Kantor\\Traex\\T-Raex\\public\\index.php')
ERROR - 2024-01-18 07:48:00 --> mysqli_sql_exception: Unknown column 'id_stasiun' in 'where clause' in D:\Tugas Kampus dan Kantor\Traex\T-Raex\system\Database\MySQLi\Connection.php:295
Stack trace:
#0 D:\Tugas Kampus dan Kantor\Traex\T-Raex\system\Database\MySQLi\Connection.php(295): mysqli->query('SELECT *\nFROM `...', 0)
#1 D:\Tugas Kampus dan Kantor\Traex\T-Raex\system\Database\BaseConnection.php(692): CodeIgniter\Database\MySQLi\Connection->execute('SELECT *\nFROM `...')
#2 D:\Tugas Kampus dan Kantor\Traex\T-Raex\system\Database\BaseConnection.php(606): CodeIgniter\Database\BaseConnection->simpleQuery('SELECT *\nFROM `...')
#3 D:\Tugas Kampus dan Kantor\Traex\T-Raex\system\Database\BaseBuilder.php(1616): CodeIgniter\Database\BaseConnection->query('SELECT *\nFROM `...', Array, false)
#4 D:\Tugas Kampus dan Kantor\Traex\T-Raex\system\Model.php(241): CodeIgniter\Database\BaseBuilder->get()
#5 D:\Tugas Kampus dan Kantor\Traex\T-Raex\system\BaseModel.php(618): CodeIgniter\Model->doFindAll(0, 0)
#6 D:\Tugas Kampus dan Kantor\Traex\T-Raex\app\Models\Urutan.php(48): CodeIgniter\BaseModel->findAll()
#7 D:\Tugas Kampus dan Kantor\Traex\T-Raex\app\Controllers\Main.php(44): App\Models\Urutan->getRouteAndOrder('93', '4')
#8 D:\Tugas Kampus dan Kantor\Traex\T-Raex\system\CodeIgniter.php(932): App\Controllers\Main->cari()
#9 D:\Tugas Kampus dan Kantor\Traex\T-Raex\system\CodeIgniter.php(497): CodeIgniter\CodeIgniter->runController(Object(App\Controllers\Main))
#10 D:\Tugas Kampus dan Kantor\Traex\T-Raex\system\CodeIgniter.php(366): CodeIgniter\CodeIgniter->handleRequest(NULL, Object(Config\Cache), false)
#11 D:\Tugas Kampus dan Kantor\Traex\T-Raex\public\index.php(67): CodeIgniter\CodeIgniter->run()
#12 D:\Tugas Kampus dan Kantor\Traex\T-Raex\system\Commands\Server\rewrite.php(47): require_once('D:\\Tugas Kampus...')
#13 {main}
CRITICAL - 2024-01-18 07:48:00 --> Unknown column 'id_stasiun' in 'where clause'
in SYSTEMPATH\Database\MySQLi\Connection.php on line 295.
 1 SYSTEMPATH\Database\MySQLi\Connection.php(295): mysqli->query('SELECT *
FROM `tb_stasiun`
WHERE `id_stasiun` = \'93\'
OR `id_stasiun` = \'4\'
ORDER BY `id_rute` ASC, `urutan` ASC', 0)
 2 SYSTEMPATH\Database\BaseConnection.php(692): CodeIgniter\Database\MySQLi\Connection->execute('SELECT *
FROM `tb_stasiun`
WHERE `id_stasiun` = \'93\'
OR `id_stasiun` = \'4\'
ORDER BY `id_rute` ASC, `urutan` ASC')
 3 SYSTEMPATH\Database\BaseConnection.php(606): CodeIgniter\Database\BaseConnection->simpleQuery('SELECT *
FROM `tb_stasiun`
WHERE `id_stasiun` = \'93\'
OR `id_stasiun` = \'4\'
ORDER BY `id_rute` ASC, `urutan` ASC')
 4 SYSTEMPATH\Database\BaseBuilder.php(1616): CodeIgniter\Database\BaseConnection->query('SELECT *
FROM `tb_stasiun`
WHERE `id_stasiun` = :id_stasiun:
OR `id_stasiun` = :id_stasiun.1:
ORDER BY `id_rute` ASC, `urutan` ASC', [...], false)
 5 SYSTEMPATH\Model.php(241): CodeIgniter\Database\BaseBuilder->get()
 6 SYSTEMPATH\BaseModel.php(618): CodeIgniter\Model->doFindAll(0, 0)
 7 APPPATH\Models\Urutan.php(48): CodeIgniter\BaseModel->findAll()
 8 APPPATH\Controllers\Main.php(44): App\Models\Urutan->getRouteAndOrder('93', '4')
 9 SYSTEMPATH\CodeIgniter.php(932): App\Controllers\Main->cari()
10 SYSTEMPATH\CodeIgniter.php(497): CodeIgniter\CodeIgniter->runController(Object(App\Controllers\Main))
11 SYSTEMPATH\CodeIgniter.php(366): CodeIgniter\CodeIgniter->handleRequest(null, Object(Config\Cache), false)
12 FCPATH\index.php(67): CodeIgniter\CodeIgniter->run()
13 SYSTEMPATH\Commands\Server\rewrite.php(47): require_once('D:\\Tugas Kampus dan Kantor\\Traex\\T-Raex\\public\\index.php')
WARNING - 2024-01-18 07:48:39 --> [DEPRECATED] Creation of dynamic property App\Controllers\Main::$urutan is deprecated in APPPATH\Controllers\Main.php on line 20.
 1 SYSTEMPATH\CodeIgniter.php(904): App\Controllers\Main->__construct()
 2 SYSTEMPATH\CodeIgniter.php(488): CodeIgniter\CodeIgniter->createController()
 3 SYSTEMPATH\CodeIgniter.php(366): CodeIgniter\CodeIgniter->handleRequest(null, Object(Config\Cache), false)
 4 FCPATH\index.php(67): CodeIgniter\CodeIgniter->run()
 5 SYSTEMPATH\Commands\Server\rewrite.php(47): require_once('D:\\Tugas Kampus dan Kantor\\Traex\\T-Raex\\public\\index.php')
WARNING - 2024-01-18 07:55:50 --> [DEPRECATED] Creation of dynamic property App\Controllers\Main::$urutan is deprecated in APPPATH\Controllers\Main.php on line 20.
 1 SYSTEMPATH\CodeIgniter.php(904): App\Controllers\Main->__construct()
 2 SYSTEMPATH\CodeIgniter.php(488): CodeIgniter\CodeIgniter->createController()
 3 SYSTEMPATH\CodeIgniter.php(366): CodeIgniter\CodeIgniter->handleRequest(null, Object(Config\Cache), false)
 4 FCPATH\index.php(67): CodeIgniter\CodeIgniter->run()
 5 SYSTEMPATH\Commands\Server\rewrite.php(47): require_once('D:\\Tugas Kampus dan Kantor\\Traex\\T-Raex\\public\\index.php')
WARNING - 2024-01-18 07:58:00 --> [DEPRECATED] Creation of dynamic property App\Controllers\Main::$urutan is deprecated in APPPATH\Controllers\Main.php on line 20.
 1 SYSTEMPATH\CodeIgniter.php(904): App\Controllers\Main->__construct()
 2 SYSTEMPATH\CodeIgniter.php(488): CodeIgniter\CodeIgniter->createController()
 3 SYSTEMPATH\CodeIgniter.php(366): CodeIgniter\CodeIgniter->handleRequest(null, Object(Config\Cache), false)
 4 FCPATH\index.php(67): CodeIgniter\CodeIgniter->run()
 5 SYSTEMPATH\Commands\Server\rewrite.php(47): require_once('D:\\Tugas Kampus dan Kantor\\Traex\\T-Raex\\public\\index.php')
WARNING - 2024-01-18 07:58:02 --> [DEPRECATED] Creation of dynamic property App\Controllers\Main::$urutan is deprecated in APPPATH\Controllers\Main.php on line 20.
 1 SYSTEMPATH\CodeIgniter.php(904): App\Controllers\Main->__construct()
 2 SYSTEMPATH\CodeIgniter.php(488): CodeIgniter\CodeIgniter->createController()
 3 SYSTEMPATH\CodeIgniter.php(366): CodeIgniter\CodeIgniter->handleRequest(null, Object(Config\Cache), false)
 4 FCPATH\index.php(67): CodeIgniter\CodeIgniter->run()
 5 SYSTEMPATH\Commands\Server\rewrite.php(47): require_once('D:\\Tugas Kampus dan Kantor\\Traex\\T-Raex\\public\\index.php')
INFO - 2024-01-18 09:06:24 --> Session: Class initialized using 'CodeIgniter\Session\Handlers\FileHandler' driver.
INFO - 2024-01-18 09:06:30 --> Session: Class initialized using 'CodeIgniter\Session\Handlers\FileHandler' driver.
INFO - 2024-01-18 09:06:31 --> Session: Class initialized using 'CodeIgniter\Session\Handlers\FileHandler' driver.
INFO - 2024-01-18 09:06:38 --> Session: Class initialized using 'CodeIgniter\Session\Handlers\FileHandler' driver.
INFO - 2024-01-18 09:06:42 --> Session: Class initialized using 'CodeIgniter\Session\Handlers\FileHandler' driver.
INFO - 2024-01-18 09:21:39 --> Session: Class initialized using 'CodeIgniter\Session\Handlers\FileHandler' driver.
INFO - 2024-01-18 09:21:45 --> Session: Class initialized using 'CodeIgniter\Session\Handlers\FileHandler' driver.
INFO - 2024-01-18 09:22:32 --> Session: Class initialized using 'CodeIgniter\Session\Handlers\FileHandler' driver.
INFO - 2024-01-18 09:22:50 --> Session: Class initialized using 'CodeIgniter\Session\Handlers\FileHandler' driver.
INFO - 2024-01-18 09:22:50 --> Session: Class initialized using 'CodeIgniter\Session\Handlers\FileHandler' driver.
INFO - 2024-01-18 09:22:57 --> Session: Class initialized using 'CodeIgniter\Session\Handlers\FileHandler' driver.
INFO - 2024-01-18 15:01:53 --> Session: Class initialized using 'CodeIgniter\Session\Handlers\FileHandler' driver.
INFO - 2024-01-18 15:01:57 --> Session: Class initialized using 'CodeIgniter\Session\Handlers\FileHandler' driver.
INFO - 2024-01-18 15:02:02 --> Session: Class initialized using 'CodeIgniter\Session\Handlers\FileHandler' driver.
INFO - 2024-01-18 15:02:04 --> Session: Class initialized using 'CodeIgniter\Session\Handlers\FileHandler' driver.
INFO - 2024-01-18 15:02:08 --> Session: Class initialized using 'CodeIgniter\Session\Handlers\FileHandler' driver.
INFO - 2024-01-18 15:02:33 --> Session: Class initialized using 'CodeIgniter\Session\Handlers\FileHandler' driver.
INFO - 2024-01-18 15:25:45 --> Session: Class initialized using 'CodeIgniter\Session\Handlers\FileHandler' driver.
INFO - 2024-01-18 15:25:47 --> Session: Class initialized using 'CodeIgniter\Session\Handlers\FileHandler' driver.
INFO - 2024-01-18 15:44:20 --> Session: Class initialized using 'CodeIgniter\Session\Handlers\FileHandler' driver.
INFO - 2024-01-18 15:44:22 --> Session: Class initialized using 'CodeIgniter\Session\Handlers\FileHandler' driver.
INFO - 2024-01-18 15:52:39 --> Session: Class initialized using 'CodeIgniter\Session\Handlers\FileHandler' driver.
INFO - 2024-01-18 15:53:33 --> Session: Class initialized using 'CodeIgniter\Session\Handlers\FileHandler' driver.
INFO - 2024-01-18 15:55:31 --> Session: Class initialized using 'CodeIgniter\Session\Handlers\FileHandler' driver.
ERROR - 2024-01-18 16:47:06 --> Error connecting to the database: mysqli_sql_exception: No connection could be made because the target machine actively refused it in C:\laragon\www\T-Raex\system\Database\MySQLi\Connection.php:174
Stack trace:
#0 C:\laragon\www\T-Raex\system\Database\MySQLi\Connection.php(174): mysqli->real_connect('localhost', 'root', '', 'traex', 3310, '', 0)
#1 C:\laragon\www\T-Raex\system\Database\BaseConnection.php(391): CodeIgniter\Database\MySQLi\Connection->connect(false)
#2 C:\laragon\www\T-Raex\system\Database\BaseConnection.php(574): CodeIgniter\Database\BaseConnection->initialize()
#3 C:\laragon\www\T-Raex\system\Database\BaseBuilder.php(1616): CodeIgniter\Database\BaseConnection->query('SELECT *\nFROM `...', Array, false)
#4 C:\laragon\www\T-Raex\system\Model.php(241): CodeIgniter\Database\BaseBuilder->get()
#5 C:\laragon\www\T-Raex\system\BaseModel.php(618): CodeIgniter\Model->doFindAll(0, 0)
#6 C:\laragon\www\T-Raex\app\Controllers\Main.php(26): CodeIgniter\BaseModel->findAll()
#7 C:\laragon\www\T-Raex\system\CodeIgniter.php(932): App\Controllers\Main->index()
#8 C:\laragon\www\T-Raex\system\CodeIgniter.php(497): CodeIgniter\CodeIgniter->runController(Object(App\Controllers\Main))
#9 C:\laragon\www\T-Raex\system\CodeIgniter.php(366): CodeIgniter\CodeIgniter->handleRequest(NULL, Object(Config\Cache), false)
#10 C:\laragon\www\T-Raex\public\index.php(67): CodeIgniter\CodeIgniter->run()
#11 {main}

Next CodeIgniter\Database\Exceptions\DatabaseException: No connection could be made because the target machine actively refused it in C:\laragon\www\T-Raex\system\Database\MySQLi\Connection.php:218
Stack trace:
#0 C:\laragon\www\T-Raex\system\Database\BaseConnection.php(391): CodeIgniter\Database\MySQLi\Connection->connect(false)
#1 C:\laragon\www\T-Raex\system\Database\BaseConnection.php(574): CodeIgniter\Database\BaseConnection->initialize()
#2 C:\laragon\www\T-Raex\system\Database\BaseBuilder.php(1616): CodeIgniter\Database\BaseConnection->query('SELECT *\nFROM `...', Array, false)
#3 C:\laragon\www\T-Raex\system\Model.php(241): CodeIgniter\Database\BaseBuilder->get()
#4 C:\laragon\www\T-Raex\system\BaseModel.php(618): CodeIgniter\Model->doFindAll(0, 0)
#5 C:\laragon\www\T-Raex\app\Controllers\Main.php(26): CodeIgniter\BaseModel->findAll()
#6 C:\laragon\www\T-Raex\system\CodeIgniter.php(932): App\Controllers\Main->index()
#7 C:\laragon\www\T-Raex\system\CodeIgniter.php(497): CodeIgniter\CodeIgniter->runController(Object(App\Controllers\Main))
#8 C:\laragon\www\T-Raex\system\CodeIgniter.php(366): CodeIgniter\CodeIgniter->handleRequest(NULL, Object(Config\Cache), false)
#9 C:\laragon\www\T-Raex\public\index.php(67): CodeIgniter\CodeIgniter->run()
#10 {main}
ERROR - 2024-01-18 16:47:06 --> Error connecting to the database: mysqli_sql_exception: No connection could be made because the target machine actively refused it in C:\laragon\www\T-Raex\system\Database\MySQLi\Connection.php:174
Stack trace:
#0 C:\laragon\www\T-Raex\system\Database\MySQLi\Connection.php(174): mysqli->real_connect('localhost', 'root', '', 'traex', 3310, '', 0)
#1 C:\laragon\www\T-Raex\system\Database\BaseConnection.php(391): CodeIgniter\Database\MySQLi\Connection->connect(false)
#2 C:\laragon\www\T-Raex\system\Database\BaseConnection.php(574): CodeIgniter\Database\BaseConnection->initialize()
#3 C:\laragon\www\T-Raex\system\Database\BaseBuilder.php(1616): CodeIgniter\Database\BaseConnection->query('SELECT *\nFROM `...', Array, false)
#4 C:\laragon\www\T-Raex\system\Model.php(241): CodeIgniter\Database\BaseBuilder->get()
#5 C:\laragon\www\T-Raex\system\BaseModel.php(618): CodeIgniter\Model->doFindAll(0, 0)
#6 C:\laragon\www\T-Raex\app\Controllers\Main.php(26): CodeIgniter\BaseModel->findAll()
#7 C:\laragon\www\T-Raex\system\CodeIgniter.php(932): App\Controllers\Main->index()
#8 C:\laragon\www\T-Raex\system\CodeIgniter.php(497): CodeIgniter\CodeIgniter->runController(Object(App\Controllers\Main))
#9 C:\laragon\www\T-Raex\system\CodeIgniter.php(366): CodeIgniter\CodeIgniter->handleRequest(NULL, Object(Config\Cache), false)
#10 C:\laragon\www\T-Raex\public\index.php(67): CodeIgniter\CodeIgniter->run()
#11 {main}

Next CodeIgniter\Database\Exceptions\DatabaseException: No connection could be made because the target machine actively refused it in C:\laragon\www\T-Raex\system\Database\MySQLi\Connection.php:218
Stack trace:
#0 C:\laragon\www\T-Raex\system\Database\BaseConnection.php(391): CodeIgniter\Database\MySQLi\Connection->connect(false)
#1 C:\laragon\www\T-Raex\system\Database\BaseConnection.php(574): CodeIgniter\Database\BaseConnection->initialize()
#2 C:\laragon\www\T-Raex\system\Database\BaseBuilder.php(1616): CodeIgniter\Database\BaseConnection->query('SELECT *\nFROM `...', Array, false)
#3 C:\laragon\www\T-Raex\system\Model.php(241): CodeIgniter\Database\BaseBuilder->get()
#4 C:\laragon\www\T-Raex\system\BaseModel.php(618): CodeIgniter\Model->doFindAll(0, 0)
#5 C:\laragon\www\T-Raex\app\Controllers\Main.php(26): CodeIgniter\BaseModel->findAll()
#6 C:\laragon\www\T-Raex\system\CodeIgniter.php(932): App\Controllers\Main->index()
#7 C:\laragon\www\T-Raex\system\CodeIgniter.php(497): CodeIgniter\CodeIgniter->runController(Object(App\Controllers\Main))
#8 C:\laragon\www\T-Raex\system\CodeIgniter.php(366): CodeIgniter\CodeIgniter->handleRequest(NULL, Object(Config\Cache), false)
#9 C:\laragon\www\T-Raex\public\index.php(67): CodeIgniter\CodeIgniter->run()
#10 {main}
CRITICAL - 2024-01-18 16:47:06 --> Unable to connect to the database.
Main connection [MySQLi]: No connection could be made because the target machine actively refused it
in SYSTEMPATH\Database\BaseConnection.php on line 427.
 1 SYSTEMPATH\Database\BaseConnection.php(574): CodeIgniter\Database\BaseConnection->initialize()
 2 SYSTEMPATH\Database\BaseBuilder.php(1616): CodeIgniter\Database\BaseConnection->query('SELECT *
FROM `tb_stasiun`
ORDER BY `n_stasiun` ASC', [], false)
 3 SYSTEMPATH\Model.php(241): CodeIgniter\Database\BaseBuilder->get()
 4 SYSTEMPATH\BaseModel.php(618): CodeIgniter\Model->doFindAll(0, 0)
 5 APPPATH\Controllers\Main.php(26): CodeIgniter\BaseModel->findAll()
 6 SYSTEMPATH\CodeIgniter.php(932): App\Controllers\Main->index()
 7 SYSTEMPATH\CodeIgniter.php(497): CodeIgniter\CodeIgniter->runController(Object(App\Controllers\Main))
 8 SYSTEMPATH\CodeIgniter.php(366): CodeIgniter\CodeIgniter->handleRequest(null, Object(Config\Cache), false)
 9 FCPATH\index.php(67): CodeIgniter\CodeIgniter->run()
CRITICAL - 2024-01-18 16:47:06 --> Unable to connect to the database.
Main connection [MySQLi]: No connection could be made because the target machine actively refused it
in SYSTEMPATH\Database\BaseConnection.php on line 427.
 1 SYSTEMPATH\Database\BaseConnection.php(574): CodeIgniter\Database\BaseConnection->initialize()
 2 SYSTEMPATH\Database\BaseBuilder.php(1616): CodeIgniter\Database\BaseConnection->query('SELECT *
FROM `tb_stasiun`
ORDER BY `n_stasiun` ASC', [], false)
 3 SYSTEMPATH\Model.php(241): CodeIgniter\Database\BaseBuilder->get()
 4 SYSTEMPATH\BaseModel.php(618): CodeIgniter\Model->doFindAll(0, 0)
 5 APPPATH\Controllers\Main.php(26): CodeIgniter\BaseModel->findAll()
 6 SYSTEMPATH\CodeIgniter.php(932): App\Controllers\Main->index()
 7 SYSTEMPATH\CodeIgniter.php(497): CodeIgniter\CodeIgniter->runController(Object(App\Controllers\Main))
 8 SYSTEMPATH\CodeIgniter.php(366): CodeIgniter\CodeIgniter->handleRequest(null, Object(Config\Cache), false)
 9 FCPATH\index.php(67): CodeIgniter\CodeIgniter->run()
INFO - 2024-01-18 16:48:13 --> Session: Class initialized using 'CodeIgniter\Session\Handlers\FileHandler' driver.
INFO - 2024-01-18 16:48:21 --> Session: Class initialized using 'CodeIgniter\Session\Handlers\FileHandler' driver.
INFO - 2024-01-18 16:48:22 --> Session: Class initialized using 'CodeIgniter\Session\Handlers\FileHandler' driver.
INFO - 2024-01-18 16:48:35 --> Session: Class initialized using 'CodeIgniter\Session\Handlers\FileHandler' driver.
