ERROR - 2023-08-04 06:53:38 --> mysqli_sql_exception: Column 'id' cannot be null in D:\web doc\Alice\system\Database\MySQLi\Connection.php:295
Stack trace:
#0 D:\web doc\Alice\system\Database\MySQLi\Connection.php(295): mysqli->query('INSERT INTO `ka...', 0)
#1 D:\web doc\Alice\system\Database\BaseConnection.php(692): CodeIgniter\Database\MySQLi\Connection->execute('INSERT INTO `ka...')
#2 D:\web doc\Alice\system\Database\BaseConnection.php(606): CodeIgniter\Database\BaseConnection->simpleQuery('INSERT INTO `ka...')
#3 D:\web doc\Alice\system\Database\BaseBuilder.php(2309): CodeIgniter\Database\BaseConnection->query('INSERT INTO `ka...', Array, false)
#4 D:\web doc\Alice\system\Model.php(330): CodeIgniter\Database\BaseBuilder->insert()
#5 D:\web doc\Alice\system\BaseModel.php(782): CodeIgniter\Model->doInsert(Array)
#6 D:\web doc\Alice\system\Model.php(730): CodeIgniter\BaseModel->insert(Array, false)
#7 D:\web doc\Alice\system\BaseModel.php(692): CodeIgniter\Model->insert(Array, false)
#8 D:\web doc\Alice\app\Controllers\Main.php(38): CodeIgniter\BaseModel->save(Array)
#9 D:\web doc\Alice\system\CodeIgniter.php(932): App\Controllers\Main->savekaryawan()
#10 D:\web doc\Alice\system\CodeIgniter.php(497): CodeIgniter\CodeIgniter->runController(Object(App\Controllers\Main))
#11 D:\web doc\Alice\system\CodeIgniter.php(366): CodeIgniter\CodeIgniter->handleRequest(NULL, Object(Config\Cache), false)
#12 D:\web doc\Alice\public\index.php(67): CodeIgniter\CodeIgniter->run()
#13 D:\web doc\Alice\system\Commands\Server\rewrite.php(47): require_once('D:\\web doc\\Alic...')
#14 {main}
CRITICAL - 2023-08-04 06:53:38 --> Column 'id' cannot be null
in SYSTEMPATH\Database\MySQLi\Connection.php on line 295.
 1 SYSTEMPATH\Database\MySQLi\Connection.php(295): mysqli->query('INSERT INTO `karyawan` (`id`, `n_karyawan`, `gender`, `id_jabatan`, `id_unit`, `created_at`, `updated_at`) VALUES (NULL, \'NAUFAL HABIB HAKIM\', \'p\', \'4\', \'17\', \'2023-08-04 06:53:38\', \'2023-08-04 06:53:38\')', 0)
 2 SYSTEMPATH\Database\BaseConnection.php(692): CodeIgniter\Database\MySQLi\Connection->execute('INSERT INTO `karyawan` (`id`, `n_karyawan`, `gender`, `id_jabatan`, `id_unit`, `created_at`, `updated_at`) VALUES (NULL, \'NAUFAL HABIB HAKIM\', \'p\', \'4\', \'17\', \'2023-08-04 06:53:38\', \'2023-08-04 06:53:38\')')
 3 SYSTEMPATH\Database\BaseConnection.php(606): CodeIgniter\Database\BaseConnection->simpleQuery('INSERT INTO `karyawan` (`id`, `n_karyawan`, `gender`, `id_jabatan`, `id_unit`, `created_at`, `updated_at`) VALUES (NULL, \'NAUFAL HABIB HAKIM\', \'p\', \'4\', \'17\', \'2023-08-04 06:53:38\', \'2023-08-04 06:53:38\')')
 4 SYSTEMPATH\Database\BaseBuilder.php(2309): CodeIgniter\Database\BaseConnection->query('INSERT INTO `karyawan` (`id`, `n_karyawan`, `gender`, `id_jabatan`, `id_unit`, `created_at`, `updated_at`) VALUES (:id:, :n_karyawan:, :gender:, :id_jabatan:, :id_unit:, :created_at:, :updated_at:)', [...], false)
 5 SYSTEMPATH\Model.php(330): CodeIgniter\Database\BaseBuilder->insert()
 6 SYSTEMPATH\BaseModel.php(782): CodeIgniter\Model->doInsert([...])
 7 SYSTEMPATH\Model.php(730): CodeIgniter\BaseModel->insert([...], false)
 8 SYSTEMPATH\BaseModel.php(692): CodeIgniter\Model->insert([...], false)
 9 APPPATH\Controllers\Main.php(38): CodeIgniter\BaseModel->save([...])
10 SYSTEMPATH\CodeIgniter.php(932): App\Controllers\Main->savekaryawan()
11 SYSTEMPATH\CodeIgniter.php(497): CodeIgniter\CodeIgniter->runController(Object(App\Controllers\Main))
12 SYSTEMPATH\CodeIgniter.php(366): CodeIgniter\CodeIgniter->handleRequest(null, Object(Config\Cache), false)
13 FCPATH\index.php(67): CodeIgniter\CodeIgniter->run()
14 SYSTEMPATH\Commands\Server\rewrite.php(47): require_once('D:\\web doc\\Alice\\public\\index.php')
ERROR - 2023-08-04 06:54:39 --> mysqli_sql_exception: Column 'id' cannot be null in D:\web doc\Alice\system\Database\MySQLi\Connection.php:295
Stack trace:
#0 D:\web doc\Alice\system\Database\MySQLi\Connection.php(295): mysqli->query('INSERT INTO `ka...', 0)
#1 D:\web doc\Alice\system\Database\BaseConnection.php(692): CodeIgniter\Database\MySQLi\Connection->execute('INSERT INTO `ka...')
#2 D:\web doc\Alice\system\Database\BaseConnection.php(606): CodeIgniter\Database\BaseConnection->simpleQuery('INSERT INTO `ka...')
#3 D:\web doc\Alice\system\Database\BaseBuilder.php(2309): CodeIgniter\Database\BaseConnection->query('INSERT INTO `ka...', Array, false)
#4 D:\web doc\Alice\system\Model.php(330): CodeIgniter\Database\BaseBuilder->insert()
#5 D:\web doc\Alice\system\BaseModel.php(782): CodeIgniter\Model->doInsert(Array)
#6 D:\web doc\Alice\system\Model.php(730): CodeIgniter\BaseModel->insert(Array, false)
#7 D:\web doc\Alice\system\BaseModel.php(692): CodeIgniter\Model->insert(Array, false)
#8 D:\web doc\Alice\app\Controllers\Main.php(38): CodeIgniter\BaseModel->save(Array)
#9 D:\web doc\Alice\system\CodeIgniter.php(932): App\Controllers\Main->savekaryawan()
#10 D:\web doc\Alice\system\CodeIgniter.php(497): CodeIgniter\CodeIgniter->runController(Object(App\Controllers\Main))
#11 D:\web doc\Alice\system\CodeIgniter.php(366): CodeIgniter\CodeIgniter->handleRequest(NULL, Object(Config\Cache), false)
#12 D:\web doc\Alice\public\index.php(67): CodeIgniter\CodeIgniter->run()
#13 D:\web doc\Alice\system\Commands\Server\rewrite.php(47): require_once('D:\\web doc\\Alic...')
#14 {main}
CRITICAL - 2023-08-04 06:54:39 --> Column 'id' cannot be null
in SYSTEMPATH\Database\MySQLi\Connection.php on line 295.
 1 SYSTEMPATH\Database\MySQLi\Connection.php(295): mysqli->query('INSERT INTO `karyawan` (`id`, `n_karyawan`, `gender`, `id_jabatan`, `id_unit`, `created_at`, `updated_at`) VALUES (NULL, \'NAUFAL HABIB HAKIM\', \'p\', \'4\', \'17\', \'2023-08-04 06:54:39\', \'2023-08-04 06:54:39\')', 0)
 2 SYSTEMPATH\Database\BaseConnection.php(692): CodeIgniter\Database\MySQLi\Connection->execute('INSERT INTO `karyawan` (`id`, `n_karyawan`, `gender`, `id_jabatan`, `id_unit`, `created_at`, `updated_at`) VALUES (NULL, \'NAUFAL HABIB HAKIM\', \'p\', \'4\', \'17\', \'2023-08-04 06:54:39\', \'2023-08-04 06:54:39\')')
 3 SYSTEMPATH\Database\BaseConnection.php(606): CodeIgniter\Database\BaseConnection->simpleQuery('INSERT INTO `karyawan` (`id`, `n_karyawan`, `gender`, `id_jabatan`, `id_unit`, `created_at`, `updated_at`) VALUES (NULL, \'NAUFAL HABIB HAKIM\', \'p\', \'4\', \'17\', \'2023-08-04 06:54:39\', \'2023-08-04 06:54:39\')')
 4 SYSTEMPATH\Database\BaseBuilder.php(2309): CodeIgniter\Database\BaseConnection->query('INSERT INTO `karyawan` (`id`, `n_karyawan`, `gender`, `id_jabatan`, `id_unit`, `created_at`, `updated_at`) VALUES (:id:, :n_karyawan:, :gender:, :id_jabatan:, :id_unit:, :created_at:, :updated_at:)', [...], false)
 5 SYSTEMPATH\Model.php(330): CodeIgniter\Database\BaseBuilder->insert()
 6 SYSTEMPATH\BaseModel.php(782): CodeIgniter\Model->doInsert([...])
 7 SYSTEMPATH\Model.php(730): CodeIgniter\BaseModel->insert([...], false)
 8 SYSTEMPATH\BaseModel.php(692): CodeIgniter\Model->insert([...], false)
 9 APPPATH\Controllers\Main.php(38): CodeIgniter\BaseModel->save([...])
10 SYSTEMPATH\CodeIgniter.php(932): App\Controllers\Main->savekaryawan()
11 SYSTEMPATH\CodeIgniter.php(497): CodeIgniter\CodeIgniter->runController(Object(App\Controllers\Main))
12 SYSTEMPATH\CodeIgniter.php(366): CodeIgniter\CodeIgniter->handleRequest(null, Object(Config\Cache), false)
13 FCPATH\index.php(67): CodeIgniter\CodeIgniter->run()
14 SYSTEMPATH\Commands\Server\rewrite.php(47): require_once('D:\\web doc\\Alice\\public\\index.php')
ERROR - 2023-08-04 06:54:51 --> mysqli_sql_exception: Column 'id' cannot be null in D:\web doc\Alice\system\Database\MySQLi\Connection.php:295
Stack trace:
#0 D:\web doc\Alice\system\Database\MySQLi\Connection.php(295): mysqli->query('INSERT INTO `ka...', 0)
#1 D:\web doc\Alice\system\Database\BaseConnection.php(692): CodeIgniter\Database\MySQLi\Connection->execute('INSERT INTO `ka...')
#2 D:\web doc\Alice\system\Database\BaseConnection.php(606): CodeIgniter\Database\BaseConnection->simpleQuery('INSERT INTO `ka...')
#3 D:\web doc\Alice\system\Database\BaseBuilder.php(2309): CodeIgniter\Database\BaseConnection->query('INSERT INTO `ka...', Array, false)
#4 D:\web doc\Alice\system\Model.php(330): CodeIgniter\Database\BaseBuilder->insert()
#5 D:\web doc\Alice\system\BaseModel.php(782): CodeIgniter\Model->doInsert(Array)
#6 D:\web doc\Alice\system\Model.php(730): CodeIgniter\BaseModel->insert(Array, false)
#7 D:\web doc\Alice\system\BaseModel.php(692): CodeIgniter\Model->insert(Array, false)
#8 D:\web doc\Alice\app\Controllers\Main.php(38): CodeIgniter\BaseModel->save(Array)
#9 D:\web doc\Alice\system\CodeIgniter.php(932): App\Controllers\Main->savekaryawan()
#10 D:\web doc\Alice\system\CodeIgniter.php(497): CodeIgniter\CodeIgniter->runController(Object(App\Controllers\Main))
#11 D:\web doc\Alice\system\CodeIgniter.php(366): CodeIgniter\CodeIgniter->handleRequest(NULL, Object(Config\Cache), false)
#12 D:\web doc\Alice\public\index.php(67): CodeIgniter\CodeIgniter->run()
#13 D:\web doc\Alice\system\Commands\Server\rewrite.php(47): require_once('D:\\web doc\\Alic...')
#14 {main}
CRITICAL - 2023-08-04 06:54:51 --> Column 'id' cannot be null
in SYSTEMPATH\Database\MySQLi\Connection.php on line 295.
 1 SYSTEMPATH\Database\MySQLi\Connection.php(295): mysqli->query('INSERT INTO `karyawan` (`id`, `n_karyawan`, `gender`, `id_jabatan`, `id_unit`, `created_at`, `updated_at`) VALUES (NULL, \'NAUFAL HABIB HAKIM\', \'p\', \'4\', \'17\', \'2023-08-04 06:54:51\', \'2023-08-04 06:54:51\')', 0)
 2 SYSTEMPATH\Database\BaseConnection.php(692): CodeIgniter\Database\MySQLi\Connection->execute('INSERT INTO `karyawan` (`id`, `n_karyawan`, `gender`, `id_jabatan`, `id_unit`, `created_at`, `updated_at`) VALUES (NULL, \'NAUFAL HABIB HAKIM\', \'p\', \'4\', \'17\', \'2023-08-04 06:54:51\', \'2023-08-04 06:54:51\')')
 3 SYSTEMPATH\Database\BaseConnection.php(606): CodeIgniter\Database\BaseConnection->simpleQuery('INSERT INTO `karyawan` (`id`, `n_karyawan`, `gender`, `id_jabatan`, `id_unit`, `created_at`, `updated_at`) VALUES (NULL, \'NAUFAL HABIB HAKIM\', \'p\', \'4\', \'17\', \'2023-08-04 06:54:51\', \'2023-08-04 06:54:51\')')
 4 SYSTEMPATH\Database\BaseBuilder.php(2309): CodeIgniter\Database\BaseConnection->query('INSERT INTO `karyawan` (`id`, `n_karyawan`, `gender`, `id_jabatan`, `id_unit`, `created_at`, `updated_at`) VALUES (:id:, :n_karyawan:, :gender:, :id_jabatan:, :id_unit:, :created_at:, :updated_at:)', [...], false)
 5 SYSTEMPATH\Model.php(330): CodeIgniter\Database\BaseBuilder->insert()
 6 SYSTEMPATH\BaseModel.php(782): CodeIgniter\Model->doInsert([...])
 7 SYSTEMPATH\Model.php(730): CodeIgniter\BaseModel->insert([...], false)
 8 SYSTEMPATH\BaseModel.php(692): CodeIgniter\Model->insert([...], false)
 9 APPPATH\Controllers\Main.php(38): CodeIgniter\BaseModel->save([...])
10 SYSTEMPATH\CodeIgniter.php(932): App\Controllers\Main->savekaryawan()
11 SYSTEMPATH\CodeIgniter.php(497): CodeIgniter\CodeIgniter->runController(Object(App\Controllers\Main))
12 SYSTEMPATH\CodeIgniter.php(366): CodeIgniter\CodeIgniter->handleRequest(null, Object(Config\Cache), false)
13 FCPATH\index.php(67): CodeIgniter\CodeIgniter->run()
14 SYSTEMPATH\Commands\Server\rewrite.php(47): require_once('D:\\web doc\\Alice\\public\\index.php')
ERROR - 2023-08-04 06:56:49 --> mysqli_sql_exception: Column 'id' cannot be null in D:\web doc\Alice\system\Database\MySQLi\Connection.php:295
Stack trace:
#0 D:\web doc\Alice\system\Database\MySQLi\Connection.php(295): mysqli->query('INSERT INTO `ka...', 0)
#1 D:\web doc\Alice\system\Database\BaseConnection.php(692): CodeIgniter\Database\MySQLi\Connection->execute('INSERT INTO `ka...')
#2 D:\web doc\Alice\system\Database\BaseConnection.php(606): CodeIgniter\Database\BaseConnection->simpleQuery('INSERT INTO `ka...')
#3 D:\web doc\Alice\system\Database\BaseBuilder.php(2309): CodeIgniter\Database\BaseConnection->query('INSERT INTO `ka...', Array, false)
#4 D:\web doc\Alice\system\Model.php(330): CodeIgniter\Database\BaseBuilder->insert()
#5 D:\web doc\Alice\system\BaseModel.php(782): CodeIgniter\Model->doInsert(Array)
#6 D:\web doc\Alice\system\Model.php(730): CodeIgniter\BaseModel->insert(Array, false)
#7 D:\web doc\Alice\system\BaseModel.php(692): CodeIgniter\Model->insert(Array, false)
#8 D:\web doc\Alice\app\Controllers\Main.php(38): CodeIgniter\BaseModel->save(Array)
#9 D:\web doc\Alice\system\CodeIgniter.php(932): App\Controllers\Main->savekaryawan()
#10 D:\web doc\Alice\system\CodeIgniter.php(497): CodeIgniter\CodeIgniter->runController(Object(App\Controllers\Main))
#11 D:\web doc\Alice\system\CodeIgniter.php(366): CodeIgniter\CodeIgniter->handleRequest(NULL, Object(Config\Cache), false)
#12 D:\web doc\Alice\public\index.php(67): CodeIgniter\CodeIgniter->run()
#13 D:\web doc\Alice\system\Commands\Server\rewrite.php(47): require_once('D:\\web doc\\Alic...')
#14 {main}
CRITICAL - 2023-08-04 06:56:49 --> Column 'id' cannot be null
in SYSTEMPATH\Database\MySQLi\Connection.php on line 295.
 1 SYSTEMPATH\Database\MySQLi\Connection.php(295): mysqli->query('INSERT INTO `karyawan` (`id`, `n_karyawan`, `gender`, `id_jabatan`, `id_unit`, `created_at`, `updated_at`) VALUES (NULL, \'NAUFAL HABIB HAKIM\', \'p\', \'4\', \'17\', \'2023-08-04 06:56:49\', \'2023-08-04 06:56:49\')', 0)
 2 SYSTEMPATH\Database\BaseConnection.php(692): CodeIgniter\Database\MySQLi\Connection->execute('INSERT INTO `karyawan` (`id`, `n_karyawan`, `gender`, `id_jabatan`, `id_unit`, `created_at`, `updated_at`) VALUES (NULL, \'NAUFAL HABIB HAKIM\', \'p\', \'4\', \'17\', \'2023-08-04 06:56:49\', \'2023-08-04 06:56:49\')')
 3 SYSTEMPATH\Database\BaseConnection.php(606): CodeIgniter\Database\BaseConnection->simpleQuery('INSERT INTO `karyawan` (`id`, `n_karyawan`, `gender`, `id_jabatan`, `id_unit`, `created_at`, `updated_at`) VALUES (NULL, \'NAUFAL HABIB HAKIM\', \'p\', \'4\', \'17\', \'2023-08-04 06:56:49\', \'2023-08-04 06:56:49\')')
 4 SYSTEMPATH\Database\BaseBuilder.php(2309): CodeIgniter\Database\BaseConnection->query('INSERT INTO `karyawan` (`id`, `n_karyawan`, `gender`, `id_jabatan`, `id_unit`, `created_at`, `updated_at`) VALUES (:id:, :n_karyawan:, :gender:, :id_jabatan:, :id_unit:, :created_at:, :updated_at:)', [...], false)
 5 SYSTEMPATH\Model.php(330): CodeIgniter\Database\BaseBuilder->insert()
 6 SYSTEMPATH\BaseModel.php(782): CodeIgniter\Model->doInsert([...])
 7 SYSTEMPATH\Model.php(730): CodeIgniter\BaseModel->insert([...], false)
 8 SYSTEMPATH\BaseModel.php(692): CodeIgniter\Model->insert([...], false)
 9 APPPATH\Controllers\Main.php(38): CodeIgniter\BaseModel->save([...])
10 SYSTEMPATH\CodeIgniter.php(932): App\Controllers\Main->savekaryawan()
11 SYSTEMPATH\CodeIgniter.php(497): CodeIgniter\CodeIgniter->runController(Object(App\Controllers\Main))
12 SYSTEMPATH\CodeIgniter.php(366): CodeIgniter\CodeIgniter->handleRequest(null, Object(Config\Cache), false)
13 FCPATH\index.php(67): CodeIgniter\CodeIgniter->run()
14 SYSTEMPATH\Commands\Server\rewrite.php(47): require_once('D:\\web doc\\Alice\\public\\index.php')
ERROR - 2023-08-04 06:56:49 --> mysqli_sql_exception: Column 'id' cannot be null in D:\web doc\Alice\system\Database\MySQLi\Connection.php:295
Stack trace:
#0 D:\web doc\Alice\system\Database\MySQLi\Connection.php(295): mysqli->query('INSERT INTO `ka...', 0)
#1 D:\web doc\Alice\system\Database\BaseConnection.php(692): CodeIgniter\Database\MySQLi\Connection->execute('INSERT INTO `ka...')
#2 D:\web doc\Alice\system\Database\BaseConnection.php(606): CodeIgniter\Database\BaseConnection->simpleQuery('INSERT INTO `ka...')
#3 D:\web doc\Alice\system\Database\BaseBuilder.php(2309): CodeIgniter\Database\BaseConnection->query('INSERT INTO `ka...', Array, false)
#4 D:\web doc\Alice\system\Model.php(330): CodeIgniter\Database\BaseBuilder->insert()
#5 D:\web doc\Alice\system\BaseModel.php(782): CodeIgniter\Model->doInsert(Array)
#6 D:\web doc\Alice\system\Model.php(730): CodeIgniter\BaseModel->insert(Array, false)
#7 D:\web doc\Alice\system\BaseModel.php(692): CodeIgniter\Model->insert(Array, false)
#8 D:\web doc\Alice\app\Controllers\Main.php(38): CodeIgniter\BaseModel->save(Array)
#9 D:\web doc\Alice\system\CodeIgniter.php(932): App\Controllers\Main->savekaryawan()
#10 D:\web doc\Alice\system\CodeIgniter.php(497): CodeIgniter\CodeIgniter->runController(Object(App\Controllers\Main))
#11 D:\web doc\Alice\system\CodeIgniter.php(366): CodeIgniter\CodeIgniter->handleRequest(NULL, Object(Config\Cache), false)
#12 D:\web doc\Alice\public\index.php(67): CodeIgniter\CodeIgniter->run()
#13 D:\web doc\Alice\system\Commands\Server\rewrite.php(47): require_once('D:\\web doc\\Alic...')
#14 {main}
CRITICAL - 2023-08-04 06:56:49 --> Column 'id' cannot be null
in SYSTEMPATH\Database\MySQLi\Connection.php on line 295.
 1 SYSTEMPATH\Database\MySQLi\Connection.php(295): mysqli->query('INSERT INTO `karyawan` (`id`, `n_karyawan`, `gender`, `id_jabatan`, `id_unit`, `created_at`, `updated_at`) VALUES (NULL, \'NAUFAL HABIB HAKIM\', \'p\', \'4\', \'17\', \'2023-08-04 06:56:49\', \'2023-08-04 06:56:49\')', 0)
 2 SYSTEMPATH\Database\BaseConnection.php(692): CodeIgniter\Database\MySQLi\Connection->execute('INSERT INTO `karyawan` (`id`, `n_karyawan`, `gender`, `id_jabatan`, `id_unit`, `created_at`, `updated_at`) VALUES (NULL, \'NAUFAL HABIB HAKIM\', \'p\', \'4\', \'17\', \'2023-08-04 06:56:49\', \'2023-08-04 06:56:49\')')
 3 SYSTEMPATH\Database\BaseConnection.php(606): CodeIgniter\Database\BaseConnection->simpleQuery('INSERT INTO `karyawan` (`id`, `n_karyawan`, `gender`, `id_jabatan`, `id_unit`, `created_at`, `updated_at`) VALUES (NULL, \'NAUFAL HABIB HAKIM\', \'p\', \'4\', \'17\', \'2023-08-04 06:56:49\', \'2023-08-04 06:56:49\')')
 4 SYSTEMPATH\Database\BaseBuilder.php(2309): CodeIgniter\Database\BaseConnection->query('INSERT INTO `karyawan` (`id`, `n_karyawan`, `gender`, `id_jabatan`, `id_unit`, `created_at`, `updated_at`) VALUES (:id:, :n_karyawan:, :gender:, :id_jabatan:, :id_unit:, :created_at:, :updated_at:)', [...], false)
 5 SYSTEMPATH\Model.php(330): CodeIgniter\Database\BaseBuilder->insert()
 6 SYSTEMPATH\BaseModel.php(782): CodeIgniter\Model->doInsert([...])
 7 SYSTEMPATH\Model.php(730): CodeIgniter\BaseModel->insert([...], false)
 8 SYSTEMPATH\BaseModel.php(692): CodeIgniter\Model->insert([...], false)
 9 APPPATH\Controllers\Main.php(38): CodeIgniter\BaseModel->save([...])
10 SYSTEMPATH\CodeIgniter.php(932): App\Controllers\Main->savekaryawan()
11 SYSTEMPATH\CodeIgniter.php(497): CodeIgniter\CodeIgniter->runController(Object(App\Controllers\Main))
12 SYSTEMPATH\CodeIgniter.php(366): CodeIgniter\CodeIgniter->handleRequest(null, Object(Config\Cache), false)
13 FCPATH\index.php(67): CodeIgniter\CodeIgniter->run()
14 SYSTEMPATH\Commands\Server\rewrite.php(47): require_once('D:\\web doc\\Alice\\public\\index.php')
ERROR - 2023-08-04 06:56:49 --> mysqli_sql_exception: Column 'id' cannot be null in D:\web doc\Alice\system\Database\MySQLi\Connection.php:295
Stack trace:
#0 D:\web doc\Alice\system\Database\MySQLi\Connection.php(295): mysqli->query('INSERT INTO `ka...', 0)
#1 D:\web doc\Alice\system\Database\BaseConnection.php(692): CodeIgniter\Database\MySQLi\Connection->execute('INSERT INTO `ka...')
#2 D:\web doc\Alice\system\Database\BaseConnection.php(606): CodeIgniter\Database\BaseConnection->simpleQuery('INSERT INTO `ka...')
#3 D:\web doc\Alice\system\Database\BaseBuilder.php(2309): CodeIgniter\Database\BaseConnection->query('INSERT INTO `ka...', Array, false)
#4 D:\web doc\Alice\system\Model.php(330): CodeIgniter\Database\BaseBuilder->insert()
#5 D:\web doc\Alice\system\BaseModel.php(782): CodeIgniter\Model->doInsert(Array)
#6 D:\web doc\Alice\system\Model.php(730): CodeIgniter\BaseModel->insert(Array, false)
#7 D:\web doc\Alice\system\BaseModel.php(692): CodeIgniter\Model->insert(Array, false)
#8 D:\web doc\Alice\app\Controllers\Main.php(38): CodeIgniter\BaseModel->save(Array)
#9 D:\web doc\Alice\system\CodeIgniter.php(932): App\Controllers\Main->savekaryawan()
#10 D:\web doc\Alice\system\CodeIgniter.php(497): CodeIgniter\CodeIgniter->runController(Object(App\Controllers\Main))
#11 D:\web doc\Alice\system\CodeIgniter.php(366): CodeIgniter\CodeIgniter->handleRequest(NULL, Object(Config\Cache), false)
#12 D:\web doc\Alice\public\index.php(67): CodeIgniter\CodeIgniter->run()
#13 D:\web doc\Alice\system\Commands\Server\rewrite.php(47): require_once('D:\\web doc\\Alic...')
#14 {main}
CRITICAL - 2023-08-04 06:56:49 --> Column 'id' cannot be null
in SYSTEMPATH\Database\MySQLi\Connection.php on line 295.
 1 SYSTEMPATH\Database\MySQLi\Connection.php(295): mysqli->query('INSERT INTO `karyawan` (`id`, `n_karyawan`, `gender`, `id_jabatan`, `id_unit`, `created_at`, `updated_at`) VALUES (NULL, \'NAUFAL HABIB HAKIM\', \'p\', \'4\', \'17\', \'2023-08-04 06:56:49\', \'2023-08-04 06:56:49\')', 0)
 2 SYSTEMPATH\Database\BaseConnection.php(692): CodeIgniter\Database\MySQLi\Connection->execute('INSERT INTO `karyawan` (`id`, `n_karyawan`, `gender`, `id_jabatan`, `id_unit`, `created_at`, `updated_at`) VALUES (NULL, \'NAUFAL HABIB HAKIM\', \'p\', \'4\', \'17\', \'2023-08-04 06:56:49\', \'2023-08-04 06:56:49\')')
 3 SYSTEMPATH\Database\BaseConnection.php(606): CodeIgniter\Database\BaseConnection->simpleQuery('INSERT INTO `karyawan` (`id`, `n_karyawan`, `gender`, `id_jabatan`, `id_unit`, `created_at`, `updated_at`) VALUES (NULL, \'NAUFAL HABIB HAKIM\', \'p\', \'4\', \'17\', \'2023-08-04 06:56:49\', \'2023-08-04 06:56:49\')')
 4 SYSTEMPATH\Database\BaseBuilder.php(2309): CodeIgniter\Database\BaseConnection->query('INSERT INTO `karyawan` (`id`, `n_karyawan`, `gender`, `id_jabatan`, `id_unit`, `created_at`, `updated_at`) VALUES (:id:, :n_karyawan:, :gender:, :id_jabatan:, :id_unit:, :created_at:, :updated_at:)', [...], false)
 5 SYSTEMPATH\Model.php(330): CodeIgniter\Database\BaseBuilder->insert()
 6 SYSTEMPATH\BaseModel.php(782): CodeIgniter\Model->doInsert([...])
 7 SYSTEMPATH\Model.php(730): CodeIgniter\BaseModel->insert([...], false)
 8 SYSTEMPATH\BaseModel.php(692): CodeIgniter\Model->insert([...], false)
 9 APPPATH\Controllers\Main.php(38): CodeIgniter\BaseModel->save([...])
10 SYSTEMPATH\CodeIgniter.php(932): App\Controllers\Main->savekaryawan()
11 SYSTEMPATH\CodeIgniter.php(497): CodeIgniter\CodeIgniter->runController(Object(App\Controllers\Main))
12 SYSTEMPATH\CodeIgniter.php(366): CodeIgniter\CodeIgniter->handleRequest(null, Object(Config\Cache), false)
13 FCPATH\index.php(67): CodeIgniter\CodeIgniter->run()
14 SYSTEMPATH\Commands\Server\rewrite.php(47): require_once('D:\\web doc\\Alice\\public\\index.php')
