CRITICAL - 2023-12-15 04:04:37 --> syntax error, unexpected identifier "assets", expecting ")"
in APPPATH\Views\admin_main.php on line 11.
 1 SYSTEMPATH\View\View.php(227): CodeIgniter\View\View->CodeIgniter\View\{closure}()
 2 SYSTEMPATH\Common.php(1180): CodeIgniter\View\View->render('admin_main', [], true)
 3 APPPATH\Controllers\Admin.php(11): view('admin_main')
 4 SYSTEMPATH\CodeIgniter.php(932): App\Controllers\Admin->index()
 5 SYSTEMPATH\CodeIgniter.php(497): CodeIgniter\CodeIgniter->runController(Object(App\Controllers\Admin))
 6 SYSTEMPATH\CodeIgniter.php(366): CodeIgniter\CodeIgniter->handleRequest(null, Object(Config\Cache), false)
 7 FCPATH\index.php(67): CodeIgniter\CodeIgniter->run()
 8 SYSTEMPATH\Commands\Server\rewrite.php(47): require_once('D:\\web doc\\Dtraex\\public\\index.php')
CRITICAL - 2023-12-15 04:40:28 --> Invalid file: "templates/index.php"
in SYSTEMPATH\Exceptions\FrameworkException.php on line 33.
 1 SYSTEMPATH\View\View.php(212): CodeIgniter\Exceptions\FrameworkException::forInvalidFile('templates/index.php')
 2 SYSTEMPATH\View\View.php(240): CodeIgniter\View\View->render('templates/index', [], true)
 3 SYSTEMPATH\Common.php(1180): CodeIgniter\View\View->render('admin_main', [], true)
 4 APPPATH\Controllers\Admin.php(11): view('admin_main')
 5 SYSTEMPATH\CodeIgniter.php(932): App\Controllers\Admin->index()
 6 SYSTEMPATH\CodeIgniter.php(497): CodeIgniter\CodeIgniter->runController(Object(App\Controllers\Admin))
 7 SYSTEMPATH\CodeIgniter.php(366): CodeIgniter\CodeIgniter->handleRequest(null, Object(Config\Cache), false)
 8 FCPATH\index.php(67): CodeIgniter\CodeIgniter->run()
 9 SYSTEMPATH\Commands\Server\rewrite.php(47): require_once('D:\\web doc\\Dtraex\\public\\index.php')
