CRITICAL - 2023-12-04 06:18:15 --> Undefined array key "tgl_lahir"
in APPPATH\Views\admin\v_detail_ikp.php on line 62.
 1 APPPATH\Views\admin\v_detail_ikp.php(62): CodeIgniter\Debug\Exceptions->errorHandler(2, 'Undefined array key "tgl_lahir"', 'D:\\web doc\\pmkp\\app\\Views\\admin\\v_detail_ikp.php', 62)
 2 SYSTEMPATH\View\View.php(224): include('D:\\web doc\\pmkp\\app\\Views\\admin\\v_detail_ikp.php')
 3 SYSTEMPATH\View\View.php(227): CodeIgniter\View\View->CodeIgniter\View\{closure}()
 4 SYSTEMPATH\Common.php(1180): CodeIgniter\View\View->render('admin/v_detail_ikp', [], true)
 5 APPPATH\Controllers\Main.php(43): view('admin/v_detail_ikp', [...])
 6 SYSTEMPATH\CodeIgniter.php(932): App\Controllers\Main->detail_ikp('3')
 7 SYSTEMPATH\CodeIgniter.php(497): CodeIgniter\CodeIgniter->runController(Object(App\Controllers\Main))
 8 SYSTEMPATH\CodeIgniter.php(366): CodeIgniter\CodeIgniter->handleRequest(null, Object(Config\Cache), false)
 9 FCPATH\index.php(67): CodeIgniter\CodeIgniter->run()
10 SYSTEMPATH\Commands\Server\rewrite.php(47): require_once('D:\\web doc\\pmkp\\public\\index.php')
CRITICAL - 2023-12-04 07:06:27 --> Undefined array key "n_rm"
in APPPATH\Views\admin\v_detail_ikp.php on line 73.
 1 APPPATH\Views\admin\v_detail_ikp.php(73): CodeIgniter\Debug\Exceptions->errorHandler(2, 'Undefined array key "n_rm"', 'D:\\web doc\\pmkp\\app\\Views\\admin\\v_detail_ikp.php', 73)
 2 SYSTEMPATH\View\View.php(224): include('D:\\web doc\\pmkp\\app\\Views\\admin\\v_detail_ikp.php')
 3 SYSTEMPATH\View\View.php(227): CodeIgniter\View\View->CodeIgniter\View\{closure}()
 4 SYSTEMPATH\Common.php(1180): CodeIgniter\View\View->render('admin/v_detail_ikp', [], true)
 5 APPPATH\Controllers\Main.php(43): view('admin/v_detail_ikp', [...])
 6 SYSTEMPATH\CodeIgniter.php(932): App\Controllers\Main->detail_ikp('3')
 7 SYSTEMPATH\CodeIgniter.php(497): CodeIgniter\CodeIgniter->runController(Object(App\Controllers\Main))
 8 SYSTEMPATH\CodeIgniter.php(366): CodeIgniter\CodeIgniter->handleRequest(null, Object(Config\Cache), false)
 9 FCPATH\index.php(67): CodeIgniter\CodeIgniter->run()
10 SYSTEMPATH\Commands\Server\rewrite.php(47): require_once('D:\\web doc\\pmkp\\public\\index.php')
CRITICAL - 2023-12-04 07:26:28 --> A non-numeric value encountered
in APPPATH\Views\admin\v_detail_ikp.php on line 93.
 1 APPPATH\Views\admin\v_detail_ikp.php(93): CodeIgniter\Debug\Exceptions->errorHandler(2, 'A non-numeric value encountered', 'D:\\web doc\\pmkp\\app\\Views\\admin\\v_detail_ikp.php', 93)
 2 SYSTEMPATH\View\View.php(224): include('D:\\web doc\\pmkp\\app\\Views\\admin\\v_detail_ikp.php')
 3 SYSTEMPATH\View\View.php(227): CodeIgniter\View\View->CodeIgniter\View\{closure}()
 4 SYSTEMPATH\Common.php(1180): CodeIgniter\View\View->render('admin/v_detail_ikp', [], true)
 5 APPPATH\Controllers\Main.php(43): view('admin/v_detail_ikp', [...])
 6 SYSTEMPATH\CodeIgniter.php(932): App\Controllers\Main->detail_ikp('3')
 7 SYSTEMPATH\CodeIgniter.php(497): CodeIgniter\CodeIgniter->runController(Object(App\Controllers\Main))
 8 SYSTEMPATH\CodeIgniter.php(366): CodeIgniter\CodeIgniter->handleRequest(null, Object(Config\Cache), false)
 9 FCPATH\index.php(67): CodeIgniter\CodeIgniter->run()
10 SYSTEMPATH\Commands\Server\rewrite.php(47): require_once('D:\\web doc\\pmkp\\public\\index.php')
CRITICAL - 2023-12-04 07:29:01 --> syntax error, unexpected token ";", expecting ")"
in APPPATH\Views\admin\v_detail_ikp.php on line 93.
 1 SYSTEMPATH\View\View.php(227): CodeIgniter\View\View->CodeIgniter\View\{closure}()
 2 SYSTEMPATH\Common.php(1180): CodeIgniter\View\View->render('admin/v_detail_ikp', [], true)
 3 APPPATH\Controllers\Main.php(43): view('admin/v_detail_ikp', [...])
 4 SYSTEMPATH\CodeIgniter.php(932): App\Controllers\Main->detail_ikp('3')
 5 SYSTEMPATH\CodeIgniter.php(497): CodeIgniter\CodeIgniter->runController(Object(App\Controllers\Main))
 6 SYSTEMPATH\CodeIgniter.php(366): CodeIgniter\CodeIgniter->handleRequest(null, Object(Config\Cache), false)
 7 FCPATH\index.php(67): CodeIgniter\CodeIgniter->run()
 8 SYSTEMPATH\Commands\Server\rewrite.php(47): require_once('D:\\web doc\\pmkp\\public\\index.php')
CRITICAL - 2023-12-04 07:29:08 --> date_format(): Argument #1 ($object) must be of type DateTimeInterface, string given
in APPPATH\Views\admin\v_detail_ikp.php on line 93.
 1 APPPATH\Views\admin\v_detail_ikp.php(93): date_format('2023-11-30', 'd-M-Y')
 2 SYSTEMPATH\View\View.php(224): include('D:\\web doc\\pmkp\\app\\Views\\admin\\v_detail_ikp.php')
 3 SYSTEMPATH\View\View.php(227): CodeIgniter\View\View->CodeIgniter\View\{closure}()
 4 SYSTEMPATH\Common.php(1180): CodeIgniter\View\View->render('admin/v_detail_ikp', [], true)
 5 APPPATH\Controllers\Main.php(43): view('admin/v_detail_ikp', [...])
 6 SYSTEMPATH\CodeIgniter.php(932): App\Controllers\Main->detail_ikp('3')
 7 SYSTEMPATH\CodeIgniter.php(497): CodeIgniter\CodeIgniter->runController(Object(App\Controllers\Main))
 8 SYSTEMPATH\CodeIgniter.php(366): CodeIgniter\CodeIgniter->handleRequest(null, Object(Config\Cache), false)
 9 FCPATH\index.php(67): CodeIgniter\CodeIgniter->run()
10 SYSTEMPATH\Commands\Server\rewrite.php(47): require_once('D:\\web doc\\pmkp\\public\\index.php')
CRITICAL - 2023-12-04 07:29:57 --> date_format(): Argument #1 ($object) must be of type DateTimeInterface, string given
in APPPATH\Views\admin\v_detail_ikp.php on line 93.
 1 APPPATH\Views\admin\v_detail_ikp.php(93): date_format('2023-11-30', 'Y/m/d H:i:s')
 2 SYSTEMPATH\View\View.php(224): include('D:\\web doc\\pmkp\\app\\Views\\admin\\v_detail_ikp.php')
 3 SYSTEMPATH\View\View.php(227): CodeIgniter\View\View->CodeIgniter\View\{closure}()
 4 SYSTEMPATH\Common.php(1180): CodeIgniter\View\View->render('admin/v_detail_ikp', [], true)
 5 APPPATH\Controllers\Main.php(43): view('admin/v_detail_ikp', [...])
 6 SYSTEMPATH\CodeIgniter.php(932): App\Controllers\Main->detail_ikp('3')
 7 SYSTEMPATH\CodeIgniter.php(497): CodeIgniter\CodeIgniter->runController(Object(App\Controllers\Main))
 8 SYSTEMPATH\CodeIgniter.php(366): CodeIgniter\CodeIgniter->handleRequest(null, Object(Config\Cache), false)
 9 FCPATH\index.php(67): CodeIgniter\CodeIgniter->run()
10 SYSTEMPATH\Commands\Server\rewrite.php(47): require_once('D:\\web doc\\pmkp\\public\\index.php')
CRITICAL - 2023-12-04 07:29:58 --> date_format(): Argument #1 ($object) must be of type DateTimeInterface, string given
in APPPATH\Views\admin\v_detail_ikp.php on line 93.
 1 APPPATH\Views\admin\v_detail_ikp.php(93): date_format('2023-11-30', 'Y/m/d H:i:s')
 2 SYSTEMPATH\View\View.php(224): include('D:\\web doc\\pmkp\\app\\Views\\admin\\v_detail_ikp.php')
 3 SYSTEMPATH\View\View.php(227): CodeIgniter\View\View->CodeIgniter\View\{closure}()
 4 SYSTEMPATH\Common.php(1180): CodeIgniter\View\View->render('admin/v_detail_ikp', [], true)
 5 APPPATH\Controllers\Main.php(43): view('admin/v_detail_ikp', [...])
 6 SYSTEMPATH\CodeIgniter.php(932): App\Controllers\Main->detail_ikp('3')
 7 SYSTEMPATH\CodeIgniter.php(497): CodeIgniter\CodeIgniter->runController(Object(App\Controllers\Main))
 8 SYSTEMPATH\CodeIgniter.php(366): CodeIgniter\CodeIgniter->handleRequest(null, Object(Config\Cache), false)
 9 FCPATH\index.php(67): CodeIgniter\CodeIgniter->run()
10 SYSTEMPATH\Commands\Server\rewrite.php(47): require_once('D:\\web doc\\pmkp\\public\\index.php')
CRITICAL - 2023-12-04 07:29:59 --> date_format(): Argument #1 ($object) must be of type DateTimeInterface, string given
in APPPATH\Views\admin\v_detail_ikp.php on line 93.
 1 APPPATH\Views\admin\v_detail_ikp.php(93): date_format('2023-11-30', 'Y/m/d H:i:s')
 2 SYSTEMPATH\View\View.php(224): include('D:\\web doc\\pmkp\\app\\Views\\admin\\v_detail_ikp.php')
 3 SYSTEMPATH\View\View.php(227): CodeIgniter\View\View->CodeIgniter\View\{closure}()
 4 SYSTEMPATH\Common.php(1180): CodeIgniter\View\View->render('admin/v_detail_ikp', [], true)
 5 APPPATH\Controllers\Main.php(43): view('admin/v_detail_ikp', [...])
 6 SYSTEMPATH\CodeIgniter.php(932): App\Controllers\Main->detail_ikp('3')
 7 SYSTEMPATH\CodeIgniter.php(497): CodeIgniter\CodeIgniter->runController(Object(App\Controllers\Main))
 8 SYSTEMPATH\CodeIgniter.php(366): CodeIgniter\CodeIgniter->handleRequest(null, Object(Config\Cache), false)
 9 FCPATH\index.php(67): CodeIgniter\CodeIgniter->run()
10 SYSTEMPATH\Commands\Server\rewrite.php(47): require_once('D:\\web doc\\pmkp\\public\\index.php')
CRITICAL - 2023-12-04 07:30:16 --> date(): Argument #2 ($timestamp) must be of type ?int, string given
in APPPATH\Views\admin\v_detail_ikp.php on line 93.
 1 APPPATH\Views\admin\v_detail_ikp.php(93): date('2023-11-30', 'd-M-Y')
 2 SYSTEMPATH\View\View.php(224): include('D:\\web doc\\pmkp\\app\\Views\\admin\\v_detail_ikp.php')
 3 SYSTEMPATH\View\View.php(227): CodeIgniter\View\View->CodeIgniter\View\{closure}()
 4 SYSTEMPATH\Common.php(1180): CodeIgniter\View\View->render('admin/v_detail_ikp', [], true)
 5 APPPATH\Controllers\Main.php(43): view('admin/v_detail_ikp', [...])
 6 SYSTEMPATH\CodeIgniter.php(932): App\Controllers\Main->detail_ikp('3')
 7 SYSTEMPATH\CodeIgniter.php(497): CodeIgniter\CodeIgniter->runController(Object(App\Controllers\Main))
 8 SYSTEMPATH\CodeIgniter.php(366): CodeIgniter\CodeIgniter->handleRequest(null, Object(Config\Cache), false)
 9 FCPATH\index.php(67): CodeIgniter\CodeIgniter->run()
10 SYSTEMPATH\Commands\Server\rewrite.php(47): require_once('D:\\web doc\\pmkp\\public\\index.php')
CRITICAL - 2023-12-04 07:30:57 --> date(): Argument #2 ($timestamp) must be of type ?int, string given
in APPPATH\Views\admin\v_detail_ikp.php on line 94.
 1 APPPATH\Views\admin\v_detail_ikp.php(94): date('2023-11-30', 'd-M-Y')
 2 SYSTEMPATH\View\View.php(224): include('D:\\web doc\\pmkp\\app\\Views\\admin\\v_detail_ikp.php')
 3 SYSTEMPATH\View\View.php(227): CodeIgniter\View\View->CodeIgniter\View\{closure}()
 4 SYSTEMPATH\Common.php(1180): CodeIgniter\View\View->render('admin/v_detail_ikp', [], true)
 5 APPPATH\Controllers\Main.php(43): view('admin/v_detail_ikp', [...])
 6 SYSTEMPATH\CodeIgniter.php(932): App\Controllers\Main->detail_ikp('3')
 7 SYSTEMPATH\CodeIgniter.php(497): CodeIgniter\CodeIgniter->runController(Object(App\Controllers\Main))
 8 SYSTEMPATH\CodeIgniter.php(366): CodeIgniter\CodeIgniter->handleRequest(null, Object(Config\Cache), false)
 9 FCPATH\index.php(67): CodeIgniter\CodeIgniter->run()
10 SYSTEMPATH\Commands\Server\rewrite.php(47): require_once('D:\\web doc\\pmkp\\public\\index.php')
CRITICAL - 2023-12-04 07:31:57 --> date(): Argument #1 ($format) must be of type string, DateTime given
in APPPATH\Views\admin\v_detail_ikp.php on line 93.
 1 APPPATH\Views\admin\v_detail_ikp.php(93): date(Object(DateTime), 'd-M-Y')
 2 SYSTEMPATH\View\View.php(224): include('D:\\web doc\\pmkp\\app\\Views\\admin\\v_detail_ikp.php')
 3 SYSTEMPATH\View\View.php(227): CodeIgniter\View\View->CodeIgniter\View\{closure}()
 4 SYSTEMPATH\Common.php(1180): CodeIgniter\View\View->render('admin/v_detail_ikp', [], true)
 5 APPPATH\Controllers\Main.php(43): view('admin/v_detail_ikp', [...])
 6 SYSTEMPATH\CodeIgniter.php(932): App\Controllers\Main->detail_ikp('3')
 7 SYSTEMPATH\CodeIgniter.php(497): CodeIgniter\CodeIgniter->runController(Object(App\Controllers\Main))
 8 SYSTEMPATH\CodeIgniter.php(366): CodeIgniter\CodeIgniter->handleRequest(null, Object(Config\Cache), false)
 9 FCPATH\index.php(67): CodeIgniter\CodeIgniter->run()
10 SYSTEMPATH\Commands\Server\rewrite.php(47): require_once('D:\\web doc\\pmkp\\public\\index.php')
CRITICAL - 2023-12-04 07:33:43 --> date(): Argument #2 ($timestamp) must be of type ?int, DateTime given
in APPPATH\Views\admin\v_detail_ikp.php on line 93.
 1 APPPATH\Views\admin\v_detail_ikp.php(93): date('d-M-Y', Object(DateTime))
 2 SYSTEMPATH\View\View.php(224): include('D:\\web doc\\pmkp\\app\\Views\\admin\\v_detail_ikp.php')
 3 SYSTEMPATH\View\View.php(227): CodeIgniter\View\View->CodeIgniter\View\{closure}()
 4 SYSTEMPATH\Common.php(1180): CodeIgniter\View\View->render('admin/v_detail_ikp', [], true)
 5 APPPATH\Controllers\Main.php(43): view('admin/v_detail_ikp', [...])
 6 SYSTEMPATH\CodeIgniter.php(932): App\Controllers\Main->detail_ikp('3')
 7 SYSTEMPATH\CodeIgniter.php(497): CodeIgniter\CodeIgniter->runController(Object(App\Controllers\Main))
 8 SYSTEMPATH\CodeIgniter.php(366): CodeIgniter\CodeIgniter->handleRequest(null, Object(Config\Cache), false)
 9 FCPATH\index.php(67): CodeIgniter\CodeIgniter->run()
10 SYSTEMPATH\Commands\Server\rewrite.php(47): require_once('D:\\web doc\\pmkp\\public\\index.php')
CRITICAL - 2023-12-04 07:34:51 --> date(): Argument #2 ($timestamp) must be of type ?int, string given
in APPPATH\Views\admin\v_detail_ikp.php on line 93.
 1 APPPATH\Views\admin\v_detail_ikp.php(93): date('h:i:sa', '05:05:00.000000')
 2 SYSTEMPATH\View\View.php(224): include('D:\\web doc\\pmkp\\app\\Views\\admin\\v_detail_ikp.php')
 3 SYSTEMPATH\View\View.php(227): CodeIgniter\View\View->CodeIgniter\View\{closure}()
 4 SYSTEMPATH\Common.php(1180): CodeIgniter\View\View->render('admin/v_detail_ikp', [], true)
 5 APPPATH\Controllers\Main.php(43): view('admin/v_detail_ikp', [...])
 6 SYSTEMPATH\CodeIgniter.php(932): App\Controllers\Main->detail_ikp('3')
 7 SYSTEMPATH\CodeIgniter.php(497): CodeIgniter\CodeIgniter->runController(Object(App\Controllers\Main))
 8 SYSTEMPATH\CodeIgniter.php(366): CodeIgniter\CodeIgniter->handleRequest(null, Object(Config\Cache), false)
 9 FCPATH\index.php(67): CodeIgniter\CodeIgniter->run()
10 SYSTEMPATH\Commands\Server\rewrite.php(47): require_once('D:\\web doc\\pmkp\\public\\index.php')
CRITICAL - 2023-12-04 07:34:52 --> date(): Argument #2 ($timestamp) must be of type ?int, string given
in APPPATH\Views\admin\v_detail_ikp.php on line 93.
 1 APPPATH\Views\admin\v_detail_ikp.php(93): date('h:i:sa', '05:05:00.000000')
 2 SYSTEMPATH\View\View.php(224): include('D:\\web doc\\pmkp\\app\\Views\\admin\\v_detail_ikp.php')
 3 SYSTEMPATH\View\View.php(227): CodeIgniter\View\View->CodeIgniter\View\{closure}()
 4 SYSTEMPATH\Common.php(1180): CodeIgniter\View\View->render('admin/v_detail_ikp', [], true)
 5 APPPATH\Controllers\Main.php(43): view('admin/v_detail_ikp', [...])
 6 SYSTEMPATH\CodeIgniter.php(932): App\Controllers\Main->detail_ikp('3')
 7 SYSTEMPATH\CodeIgniter.php(497): CodeIgniter\CodeIgniter->runController(Object(App\Controllers\Main))
 8 SYSTEMPATH\CodeIgniter.php(366): CodeIgniter\CodeIgniter->handleRequest(null, Object(Config\Cache), false)
 9 FCPATH\index.php(67): CodeIgniter\CodeIgniter->run()
10 SYSTEMPATH\Commands\Server\rewrite.php(47): require_once('D:\\web doc\\pmkp\\public\\index.php')
CRITICAL - 2023-12-04 07:35:06 --> mktime(): Argument #1 ($hour) must be of type int, string given
in APPPATH\Views\admin\v_detail_ikp.php on line 93.
 1 APPPATH\Views\admin\v_detail_ikp.php(93): mktime('05:05:00.000000')
 2 SYSTEMPATH\View\View.php(224): include('D:\\web doc\\pmkp\\app\\Views\\admin\\v_detail_ikp.php')
 3 SYSTEMPATH\View\View.php(227): CodeIgniter\View\View->CodeIgniter\View\{closure}()
 4 SYSTEMPATH\Common.php(1180): CodeIgniter\View\View->render('admin/v_detail_ikp', [], true)
 5 APPPATH\Controllers\Main.php(43): view('admin/v_detail_ikp', [...])
 6 SYSTEMPATH\CodeIgniter.php(932): App\Controllers\Main->detail_ikp('3')
 7 SYSTEMPATH\CodeIgniter.php(497): CodeIgniter\CodeIgniter->runController(Object(App\Controllers\Main))
 8 SYSTEMPATH\CodeIgniter.php(366): CodeIgniter\CodeIgniter->handleRequest(null, Object(Config\Cache), false)
 9 FCPATH\index.php(67): CodeIgniter\CodeIgniter->run()
10 SYSTEMPATH\Commands\Server\rewrite.php(47): require_once('D:\\web doc\\pmkp\\public\\index.php')
CRITICAL - 2023-12-04 07:35:08 --> mktime(): Argument #1 ($hour) must be of type int, string given
in APPPATH\Views\admin\v_detail_ikp.php on line 93.
 1 APPPATH\Views\admin\v_detail_ikp.php(93): mktime('05:05:00.000000')
 2 SYSTEMPATH\View\View.php(224): include('D:\\web doc\\pmkp\\app\\Views\\admin\\v_detail_ikp.php')
 3 SYSTEMPATH\View\View.php(227): CodeIgniter\View\View->CodeIgniter\View\{closure}()
 4 SYSTEMPATH\Common.php(1180): CodeIgniter\View\View->render('admin/v_detail_ikp', [], true)
 5 APPPATH\Controllers\Main.php(43): view('admin/v_detail_ikp', [...])
 6 SYSTEMPATH\CodeIgniter.php(932): App\Controllers\Main->detail_ikp('3')
 7 SYSTEMPATH\CodeIgniter.php(497): CodeIgniter\CodeIgniter->runController(Object(App\Controllers\Main))
 8 SYSTEMPATH\CodeIgniter.php(366): CodeIgniter\CodeIgniter->handleRequest(null, Object(Config\Cache), false)
 9 FCPATH\index.php(67): CodeIgniter\CodeIgniter->run()
10 SYSTEMPATH\Commands\Server\rewrite.php(47): require_once('D:\\web doc\\pmkp\\public\\index.php')
CRITICAL - 2023-12-04 07:58:56 --> Undefined array key "date_created"
in APPPATH\Views\admin\v_detail_ikp.php on line 195.
 1 APPPATH\Views\admin\v_detail_ikp.php(195): CodeIgniter\Debug\Exceptions->errorHandler(2, 'Undefined array key "date_created"', 'D:\\web doc\\pmkp\\app\\Views\\admin\\v_detail_ikp.php', 195)
 2 SYSTEMPATH\View\View.php(224): include('D:\\web doc\\pmkp\\app\\Views\\admin\\v_detail_ikp.php')
 3 SYSTEMPATH\View\View.php(227): CodeIgniter\View\View->CodeIgniter\View\{closure}()
 4 SYSTEMPATH\Common.php(1180): CodeIgniter\View\View->render('admin/v_detail_ikp', [], true)
 5 APPPATH\Controllers\Main.php(43): view('admin/v_detail_ikp', [...])
 6 SYSTEMPATH\CodeIgniter.php(932): App\Controllers\Main->detail_ikp('3')
 7 SYSTEMPATH\CodeIgniter.php(497): CodeIgniter\CodeIgniter->runController(Object(App\Controllers\Main))
 8 SYSTEMPATH\CodeIgniter.php(366): CodeIgniter\CodeIgniter->handleRequest(null, Object(Config\Cache), false)
 9 FCPATH\index.php(67): CodeIgniter\CodeIgniter->run()
10 SYSTEMPATH\Commands\Server\rewrite.php(47): require_once('D:\\web doc\\pmkp\\public\\index.php')
CRITICAL - 2023-12-04 08:40:16 --> Undefined variable $a_unit
in APPPATH\Views\admin\v_detail_ikp.php on line 131.
 1 APPPATH\Views\admin\v_detail_ikp.php(131): CodeIgniter\Debug\Exceptions->errorHandler(2, 'Undefined variable $a_unit', 'D:\\web doc\\pmkp\\app\\Views\\admin\\v_detail_ikp.php', 131)
 2 SYSTEMPATH\View\View.php(224): include('D:\\web doc\\pmkp\\app\\Views\\admin\\v_detail_ikp.php')
 3 SYSTEMPATH\View\View.php(227): CodeIgniter\View\View->CodeIgniter\View\{closure}()
 4 SYSTEMPATH\Common.php(1180): CodeIgniter\View\View->render('admin/v_detail_ikp', [], true)
 5 APPPATH\Controllers\Main.php(43): view('admin/v_detail_ikp', [...])
 6 SYSTEMPATH\CodeIgniter.php(932): App\Controllers\Main->detail_ikp('3')
 7 SYSTEMPATH\CodeIgniter.php(497): CodeIgniter\CodeIgniter->runController(Object(App\Controllers\Main))
 8 SYSTEMPATH\CodeIgniter.php(366): CodeIgniter\CodeIgniter->handleRequest(null, Object(Config\Cache), false)
 9 FCPATH\index.php(67): CodeIgniter\CodeIgniter->run()
10 SYSTEMPATH\Commands\Server\rewrite.php(47): require_once('D:\\web doc\\pmkp\\public\\index.php')
