CRITICAL - 2023-07-10 03:28:39 --> Invalid file: "admin/select2.php"
in SYSTEMPATH\Exceptions\FrameworkException.php on line 33.
 1 SYSTEMPATH\View\View.php(212): CodeIgniter\Exceptions\FrameworkException::forInvalidFile('admin/select2.php')
 2 SYSTEMPATH\Common.php(1180): CodeIgniter\View\View->render('admin/select2', [], true)
 3 APPPATH\Controllers\Main.php(19): view('admin/select2')
 4 SYSTEMPATH\CodeIgniter.php(932): App\Controllers\Main->select()
 5 SYSTEMPATH\CodeIgniter.php(497): CodeIgniter\CodeIgniter->runController(Object(App\Controllers\Main))
 6 SYSTEMPATH\CodeIgniter.php(366): CodeIgniter\CodeIgniter->handleRequest(null, Object(Config\Cache), false)
 7 FCPATH\index.php(67): CodeIgniter\CodeIgniter->run()
 8 SYSTEMPATH\Commands\Server\rewrite.php(47): require_once('D:\\web doc\\Alice\\public\\index.php')
CRITICAL - 2023-07-10 04:17:50 --> Call to undefined function now()
in APPPATH\Views\templates\footer.php on line 2.
 1 SYSTEMPATH\View\View.php(224): include()
 2 SYSTEMPATH\View\View.php(227): CodeIgniter\View\View->CodeIgniter\View\{closure}()
 3 SYSTEMPATH\View\View.php(452): CodeIgniter\View\View->render('templates/footer', null, true)
 4 APPPATH\Views\templates\index.php(70): CodeIgniter\View\View->include('templates/footer')
 5 SYSTEMPATH\View\View.php(224): include('D:\\web doc\\Alice\\app\\Views\\templates\\index.php')
 6 SYSTEMPATH\View\View.php(227): CodeIgniter\View\View->CodeIgniter\View\{closure}()
 7 SYSTEMPATH\View\View.php(240): CodeIgniter\View\View->render('templates/index', [], true)
 8 SYSTEMPATH\Common.php(1180): CodeIgniter\View\View->render('admin/karyawan', [], true)
 9 APPPATH\Controllers\Main.php(14): view('admin/karyawan')
10 SYSTEMPATH\CodeIgniter.php(932): App\Controllers\Main->list_karyawan()
11 SYSTEMPATH\CodeIgniter.php(497): CodeIgniter\CodeIgniter->runController(Object(App\Controllers\Main))
12 SYSTEMPATH\CodeIgniter.php(366): CodeIgniter\CodeIgniter->handleRequest(null, Object(Config\Cache), false)
13 FCPATH\index.php(67): CodeIgniter\CodeIgniter->run()
14 SYSTEMPATH\Commands\Server\rewrite.php(47): require_once('D:\\web doc\\Alice\\public\\index.php')
ERROR - 2023-07-10 07:14:38 --> Error connecting to the database: mysqli_sql_exception: Access denied for user ''@'localhost' (using password: NO) in D:\web doc\Alice\system\Database\MySQLi\Connection.php:174
Stack trace:
#0 D:\web doc\Alice\system\Database\MySQLi\Connection.php(174): mysqli->real_connect('localhost', '', '', '', 3306, '', 0)
#1 D:\web doc\Alice\system\Database\BaseConnection.php(391): CodeIgniter\Database\MySQLi\Connection->connect(false)
#2 D:\web doc\Alice\system\Database\BaseConnection.php(574): CodeIgniter\Database\BaseConnection->initialize()
#3 D:\web doc\Alice\system\Database\BaseBuilder.php(1616): CodeIgniter\Database\BaseConnection->query('SELECT *\nFROM `...', Array, false)
#4 D:\web doc\Alice\system\Model.php(241): CodeIgniter\Database\BaseBuilder->get()
#5 D:\web doc\Alice\system\BaseModel.php(618): CodeIgniter\Model->doFindAll(0, 0)
#6 D:\web doc\Alice\app\Controllers\Main.php(22): CodeIgniter\BaseModel->findAll()
#7 D:\web doc\Alice\system\CodeIgniter.php(932): App\Controllers\Main->list_karyawan()
#8 D:\web doc\Alice\system\CodeIgniter.php(497): CodeIgniter\CodeIgniter->runController(Object(App\Controllers\Main))
#9 D:\web doc\Alice\system\CodeIgniter.php(366): CodeIgniter\CodeIgniter->handleRequest(NULL, Object(Config\Cache), false)
#10 D:\web doc\Alice\public\index.php(67): CodeIgniter\CodeIgniter->run()
#11 D:\web doc\Alice\system\Commands\Server\rewrite.php(47): require_once('D:\\web doc\\Alic...')
#12 {main}

Next CodeIgniter\Database\Exceptions\DatabaseException: Access denied for user ''@'localhost' (using password: NO) in D:\web doc\Alice\system\Database\MySQLi\Connection.php:218
Stack trace:
#0 D:\web doc\Alice\system\Database\BaseConnection.php(391): CodeIgniter\Database\MySQLi\Connection->connect(false)
#1 D:\web doc\Alice\system\Database\BaseConnection.php(574): CodeIgniter\Database\BaseConnection->initialize()
#2 D:\web doc\Alice\system\Database\BaseBuilder.php(1616): CodeIgniter\Database\BaseConnection->query('SELECT *\nFROM `...', Array, false)
#3 D:\web doc\Alice\system\Model.php(241): CodeIgniter\Database\BaseBuilder->get()
#4 D:\web doc\Alice\system\BaseModel.php(618): CodeIgniter\Model->doFindAll(0, 0)
#5 D:\web doc\Alice\app\Controllers\Main.php(22): CodeIgniter\BaseModel->findAll()
#6 D:\web doc\Alice\system\CodeIgniter.php(932): App\Controllers\Main->list_karyawan()
#7 D:\web doc\Alice\system\CodeIgniter.php(497): CodeIgniter\CodeIgniter->runController(Object(App\Controllers\Main))
#8 D:\web doc\Alice\system\CodeIgniter.php(366): CodeIgniter\CodeIgniter->handleRequest(NULL, Object(Config\Cache), false)
#9 D:\web doc\Alice\public\index.php(67): CodeIgniter\CodeIgniter->run()
#10 D:\web doc\Alice\system\Commands\Server\rewrite.php(47): require_once('D:\\web doc\\Alic...')
#11 {main}
CRITICAL - 2023-07-10 07:14:38 --> Unable to connect to the database.
Main connection [MySQLi]: Access denied for user ''@'localhost' (using password: NO)
in SYSTEMPATH\Database\BaseConnection.php on line 427.
 1 SYSTEMPATH\Database\BaseConnection.php(574): CodeIgniter\Database\BaseConnection->initialize()
 2 SYSTEMPATH\Database\BaseBuilder.php(1616): CodeIgniter\Database\BaseConnection->query('SELECT *
FROM `unit`', [], false)
 3 SYSTEMPATH\Model.php(241): CodeIgniter\Database\BaseBuilder->get()
 4 SYSTEMPATH\BaseModel.php(618): CodeIgniter\Model->doFindAll(0, 0)
 5 APPPATH\Controllers\Main.php(22): CodeIgniter\BaseModel->findAll()
 6 SYSTEMPATH\CodeIgniter.php(932): App\Controllers\Main->list_karyawan()
 7 SYSTEMPATH\CodeIgniter.php(497): CodeIgniter\CodeIgniter->runController(Object(App\Controllers\Main))
 8 SYSTEMPATH\CodeIgniter.php(366): CodeIgniter\CodeIgniter->handleRequest(null, Object(Config\Cache), false)
 9 FCPATH\index.php(67): CodeIgniter\CodeIgniter->run()
10 SYSTEMPATH\Commands\Server\rewrite.php(47): require_once('D:\\web doc\\Alice\\public\\index.php')
