CRITICAL - 2023-11-30 03:40:49 --> Undefined variable $a_unit
in APPPATH\Views\admin\v_ikp.php on line 80.
 1 APPPATH\Views\admin\v_ikp.php(80): CodeIgniter\Debug\Exceptions->errorHandler(2, 'Undefined variable $a_unit', 'D:\\web doc\\pmkp\\app\\Views\\admin\\v_ikp.php', 80)
 2 SYSTEMPATH\View\View.php(224): include('D:\\web doc\\pmkp\\app\\Views\\admin\\v_ikp.php')
 3 SYSTEMPATH\View\View.php(227): CodeIgniter\View\View->CodeIgniter\View\{closure}()
 4 SYSTEMPATH\Common.php(1180): CodeIgniter\View\View->render('admin/v_ikp', [], true)
 5 APPPATH\Controllers\Main.php(30): view('admin/v_ikp', [...])
 6 SYSTEMPATH\CodeIgniter.php(932): App\Controllers\Main->lap_ikp()
 7 SYSTEMPATH\CodeIgniter.php(497): CodeIgniter\CodeIgniter->runController(Object(App\Controllers\Main))
 8 SYSTEMPATH\CodeIgniter.php(366): CodeIgniter\CodeIgniter->handleRequest(null, Object(Config\Cache), false)
 9 FCPATH\index.php(67): CodeIgniter\CodeIgniter->run()
10 SYSTEMPATH\Commands\Server\rewrite.php(47): require_once('D:\\web doc\\pmkp\\public\\index.php')
CRITICAL - 2023-11-30 03:43:38 --> Unsupported operand types: string + string
in APPPATH\Views\admin\v_ikp.php on line 33.
 1 SYSTEMPATH\View\View.php(224): include()
 2 SYSTEMPATH\View\View.php(227): CodeIgniter\View\View->CodeIgniter\View\{closure}()
 3 SYSTEMPATH\Common.php(1180): CodeIgniter\View\View->render('admin/v_ikp', [], true)
 4 APPPATH\Controllers\Main.php(31): view('admin/v_ikp', [...])
 5 SYSTEMPATH\CodeIgniter.php(932): App\Controllers\Main->lap_ikp()
 6 SYSTEMPATH\CodeIgniter.php(497): CodeIgniter\CodeIgniter->runController(Object(App\Controllers\Main))
 7 SYSTEMPATH\CodeIgniter.php(366): CodeIgniter\CodeIgniter->handleRequest(null, Object(Config\Cache), false)
 8 FCPATH\index.php(67): CodeIgniter\CodeIgniter->run()
 9 SYSTEMPATH\Commands\Server\rewrite.php(47): require_once('D:\\web doc\\pmkp\\public\\index.php')
CRITICAL - 2023-11-30 04:13:09 --> Array to string conversion
in APPPATH\Views\admin\v_ikp.php on line 51.
 1 APPPATH\Views\admin\v_ikp.php(51): CodeIgniter\Debug\Exceptions->errorHandler(2, 'Array to string conversion', 'D:\\web doc\\pmkp\\app\\Views\\admin\\v_ikp.php', 51)
 2 SYSTEMPATH\View\View.php(224): include('D:\\web doc\\pmkp\\app\\Views\\admin\\v_ikp.php')
 3 SYSTEMPATH\View\View.php(227): CodeIgniter\View\View->CodeIgniter\View\{closure}()
 4 SYSTEMPATH\Common.php(1180): CodeIgniter\View\View->render('admin/v_ikp', [], true)
 5 APPPATH\Controllers\Main.php(31): view('admin/v_ikp', [...])
 6 SYSTEMPATH\CodeIgniter.php(932): App\Controllers\Main->lap_ikp()
 7 SYSTEMPATH\CodeIgniter.php(497): CodeIgniter\CodeIgniter->runController(Object(App\Controllers\Main))
 8 SYSTEMPATH\CodeIgniter.php(366): CodeIgniter\CodeIgniter->handleRequest(null, Object(Config\Cache), false)
 9 FCPATH\index.php(67): CodeIgniter\CodeIgniter->run()
10 SYSTEMPATH\Commands\Server\rewrite.php(47): require_once('D:\\web doc\\pmkp\\public\\index.php')
CRITICAL - 2023-11-30 04:16:25 --> Undefined array key "kronologi"
in APPPATH\Views\admin\v_ikp.php on line 53.
 1 APPPATH\Views\admin\v_ikp.php(53): CodeIgniter\Debug\Exceptions->errorHandler(2, 'Undefined array key "kronologi"', 'D:\\web doc\\pmkp\\app\\Views\\admin\\v_ikp.php', 53)
 2 SYSTEMPATH\View\View.php(224): include('D:\\web doc\\pmkp\\app\\Views\\admin\\v_ikp.php')
 3 SYSTEMPATH\View\View.php(227): CodeIgniter\View\View->CodeIgniter\View\{closure}()
 4 SYSTEMPATH\Common.php(1180): CodeIgniter\View\View->render('admin/v_ikp', [], true)
 5 APPPATH\Controllers\Main.php(31): view('admin/v_ikp', [...])
 6 SYSTEMPATH\CodeIgniter.php(932): App\Controllers\Main->lap_ikp()
 7 SYSTEMPATH\CodeIgniter.php(497): CodeIgniter\CodeIgniter->runController(Object(App\Controllers\Main))
 8 SYSTEMPATH\CodeIgniter.php(366): CodeIgniter\CodeIgniter->handleRequest(null, Object(Config\Cache), false)
 9 FCPATH\index.php(67): CodeIgniter\CodeIgniter->run()
10 SYSTEMPATH\Commands\Server\rewrite.php(47): require_once('D:\\web doc\\pmkp\\public\\index.php')
CRITICAL - 2023-11-30 06:33:55 --> Undefined variable $id
in APPPATH\Views\admin\v_ikp.php on line 50.
 1 APPPATH\Views\admin\v_ikp.php(50): CodeIgniter\Debug\Exceptions->errorHandler(2, 'Undefined variable $id', 'D:\\web doc\\pmkp\\app\\Views\\admin\\v_ikp.php', 50)
 2 SYSTEMPATH\View\View.php(224): include('D:\\web doc\\pmkp\\app\\Views\\admin\\v_ikp.php')
 3 SYSTEMPATH\View\View.php(227): CodeIgniter\View\View->CodeIgniter\View\{closure}()
 4 SYSTEMPATH\Common.php(1180): CodeIgniter\View\View->render('admin/v_ikp', [], true)
 5 APPPATH\Controllers\Main.php(31): view('admin/v_ikp', [...])
 6 SYSTEMPATH\CodeIgniter.php(932): App\Controllers\Main->lap_ikp()
 7 SYSTEMPATH\CodeIgniter.php(497): CodeIgniter\CodeIgniter->runController(Object(App\Controllers\Main))
 8 SYSTEMPATH\CodeIgniter.php(366): CodeIgniter\CodeIgniter->handleRequest(null, Object(Config\Cache), false)
 9 FCPATH\index.php(67): CodeIgniter\CodeIgniter->run()
10 SYSTEMPATH\Commands\Server\rewrite.php(47): require_once('D:\\web doc\\pmkp\\public\\index.php')
CRITICAL - 2023-11-30 06:34:15 --> Unsupported operand types: string + string
in APPPATH\Views\admin\v_ikp.php on line 50.
 1 SYSTEMPATH\View\View.php(224): include()
 2 SYSTEMPATH\View\View.php(227): CodeIgniter\View\View->CodeIgniter\View\{closure}()
 3 SYSTEMPATH\Common.php(1180): CodeIgniter\View\View->render('admin/v_ikp', [], true)
 4 APPPATH\Controllers\Main.php(31): view('admin/v_ikp', [...])
 5 SYSTEMPATH\CodeIgniter.php(932): App\Controllers\Main->lap_ikp()
 6 SYSTEMPATH\CodeIgniter.php(497): CodeIgniter\CodeIgniter->runController(Object(App\Controllers\Main))
 7 SYSTEMPATH\CodeIgniter.php(366): CodeIgniter\CodeIgniter->handleRequest(null, Object(Config\Cache), false)
 8 FCPATH\index.php(67): CodeIgniter\CodeIgniter->run()
 9 SYSTEMPATH\Commands\Server\rewrite.php(47): require_once('D:\\web doc\\pmkp\\public\\index.php')
CRITICAL - 2023-11-30 06:34:28 --> Unsupported operand types: string + string
in APPPATH\Views\admin\v_ikp.php on line 50.
 1 SYSTEMPATH\View\View.php(224): include()
 2 SYSTEMPATH\View\View.php(227): CodeIgniter\View\View->CodeIgniter\View\{closure}()
 3 SYSTEMPATH\Common.php(1180): CodeIgniter\View\View->render('admin/v_ikp', [], true)
 4 APPPATH\Controllers\Main.php(31): view('admin/v_ikp', [...])
 5 SYSTEMPATH\CodeIgniter.php(932): App\Controllers\Main->lap_ikp()
 6 SYSTEMPATH\CodeIgniter.php(497): CodeIgniter\CodeIgniter->runController(Object(App\Controllers\Main))
 7 SYSTEMPATH\CodeIgniter.php(366): CodeIgniter\CodeIgniter->handleRequest(null, Object(Config\Cache), false)
 8 FCPATH\index.php(67): CodeIgniter\CodeIgniter->run()
 9 SYSTEMPATH\Commands\Server\rewrite.php(47): require_once('D:\\web doc\\pmkp\\public\\index.php')
CRITICAL - 2023-11-30 06:34:30 --> Unsupported operand types: string + string
in APPPATH\Views\admin\v_ikp.php on line 50.
 1 SYSTEMPATH\View\View.php(224): include()
 2 SYSTEMPATH\View\View.php(227): CodeIgniter\View\View->CodeIgniter\View\{closure}()
 3 SYSTEMPATH\Common.php(1180): CodeIgniter\View\View->render('admin/v_ikp', [], true)
 4 APPPATH\Controllers\Main.php(31): view('admin/v_ikp', [...])
 5 SYSTEMPATH\CodeIgniter.php(932): App\Controllers\Main->lap_ikp()
 6 SYSTEMPATH\CodeIgniter.php(497): CodeIgniter\CodeIgniter->runController(Object(App\Controllers\Main))
 7 SYSTEMPATH\CodeIgniter.php(366): CodeIgniter\CodeIgniter->handleRequest(null, Object(Config\Cache), false)
 8 FCPATH\index.php(67): CodeIgniter\CodeIgniter->run()
 9 SYSTEMPATH\Commands\Server\rewrite.php(47): require_once('D:\\web doc\\pmkp\\public\\index.php')
CRITICAL - 2023-11-30 09:14:40 --> syntax error, unexpected variable "$routes"
in APPPATH\Config\Routes.php on line 39.
 1 SYSTEMPATH\CodeIgniter.php(800): CodeIgniter\Router\RouteCollection->loadRoutes()
 2 SYSTEMPATH\CodeIgniter.php(447): CodeIgniter\CodeIgniter->tryToRouteIt(null)
 3 SYSTEMPATH\CodeIgniter.php(366): CodeIgniter\CodeIgniter->handleRequest(null, Object(Config\Cache), false)
 4 FCPATH\index.php(67): CodeIgniter\CodeIgniter->run()
 5 SYSTEMPATH\Commands\Server\rewrite.php(47): require_once('D:\\web doc\\pmkp\\public\\index.php')
CRITICAL - 2023-11-30 09:14:48 --> syntax error, unexpected variable "$routes"
in APPPATH\Config\Routes.php on line 39.
 1 SYSTEMPATH\CodeIgniter.php(800): CodeIgniter\Router\RouteCollection->loadRoutes()
 2 SYSTEMPATH\CodeIgniter.php(447): CodeIgniter\CodeIgniter->tryToRouteIt(null)
 3 SYSTEMPATH\CodeIgniter.php(366): CodeIgniter\CodeIgniter->handleRequest(null, Object(Config\Cache), false)
 4 FCPATH\index.php(67): CodeIgniter\CodeIgniter->run()
 5 SYSTEMPATH\Commands\Server\rewrite.php(47): require_once('D:\\web doc\\pmkp\\public\\index.php')
CRITICAL - 2023-11-30 09:15:11 --> Undefined variable $tittle
in APPPATH\Views\admin\v_detail_ikp.php on line 12.
 1 APPPATH\Views\admin\v_detail_ikp.php(12): CodeIgniter\Debug\Exceptions->errorHandler(2, 'Undefined variable $tittle', 'D:\\web doc\\pmkp\\app\\Views\\admin\\v_detail_ikp.php', 12)
 2 SYSTEMPATH\View\View.php(224): include('D:\\web doc\\pmkp\\app\\Views\\admin\\v_detail_ikp.php')
 3 SYSTEMPATH\View\View.php(227): CodeIgniter\View\View->CodeIgniter\View\{closure}()
 4 SYSTEMPATH\Common.php(1180): CodeIgniter\View\View->render('admin/v_detail_ikp', [], true)
 5 APPPATH\Controllers\Main.php(41): view('admin/v_detail_ikp', [...])
 6 SYSTEMPATH\CodeIgniter.php(932): App\Controllers\Main->detail_ikp('3')
 7 SYSTEMPATH\CodeIgniter.php(497): CodeIgniter\CodeIgniter->runController(Object(App\Controllers\Main))
 8 SYSTEMPATH\CodeIgniter.php(366): CodeIgniter\CodeIgniter->handleRequest(null, Object(Config\Cache), false)
 9 FCPATH\index.php(67): CodeIgniter\CodeIgniter->run()
10 SYSTEMPATH\Commands\Server\rewrite.php(47): require_once('D:\\web doc\\pmkp\\public\\index.php')
CRITICAL - 2023-11-30 09:15:11 --> Undefined variable $tittle
in APPPATH\Views\admin\v_detail_ikp.php on line 12.
 1 APPPATH\Views\admin\v_detail_ikp.php(12): CodeIgniter\Debug\Exceptions->errorHandler(2, 'Undefined variable $tittle', 'D:\\web doc\\pmkp\\app\\Views\\admin\\v_detail_ikp.php', 12)
 2 SYSTEMPATH\View\View.php(224): include('D:\\web doc\\pmkp\\app\\Views\\admin\\v_detail_ikp.php')
 3 SYSTEMPATH\View\View.php(227): CodeIgniter\View\View->CodeIgniter\View\{closure}()
 4 SYSTEMPATH\Common.php(1180): CodeIgniter\View\View->render('admin/v_detail_ikp', [], true)
 5 APPPATH\Controllers\Main.php(41): view('admin/v_detail_ikp', [...])
 6 SYSTEMPATH\CodeIgniter.php(932): App\Controllers\Main->detail_ikp('3')
 7 SYSTEMPATH\CodeIgniter.php(497): CodeIgniter\CodeIgniter->runController(Object(App\Controllers\Main))
 8 SYSTEMPATH\CodeIgniter.php(366): CodeIgniter\CodeIgniter->handleRequest(null, Object(Config\Cache), false)
 9 FCPATH\index.php(67): CodeIgniter\CodeIgniter->run()
10 SYSTEMPATH\Commands\Server\rewrite.php(47): require_once('D:\\web doc\\pmkp\\public\\index.php')
CRITICAL - 2023-11-30 09:15:12 --> Undefined variable $tittle
in APPPATH\Views\admin\v_detail_ikp.php on line 12.
 1 APPPATH\Views\admin\v_detail_ikp.php(12): CodeIgniter\Debug\Exceptions->errorHandler(2, 'Undefined variable $tittle', 'D:\\web doc\\pmkp\\app\\Views\\admin\\v_detail_ikp.php', 12)
 2 SYSTEMPATH\View\View.php(224): include('D:\\web doc\\pmkp\\app\\Views\\admin\\v_detail_ikp.php')
 3 SYSTEMPATH\View\View.php(227): CodeIgniter\View\View->CodeIgniter\View\{closure}()
 4 SYSTEMPATH\Common.php(1180): CodeIgniter\View\View->render('admin/v_detail_ikp', [], true)
 5 APPPATH\Controllers\Main.php(41): view('admin/v_detail_ikp', [...])
 6 SYSTEMPATH\CodeIgniter.php(932): App\Controllers\Main->detail_ikp('3')
 7 SYSTEMPATH\CodeIgniter.php(497): CodeIgniter\CodeIgniter->runController(Object(App\Controllers\Main))
 8 SYSTEMPATH\CodeIgniter.php(366): CodeIgniter\CodeIgniter->handleRequest(null, Object(Config\Cache), false)
 9 FCPATH\index.php(67): CodeIgniter\CodeIgniter->run()
10 SYSTEMPATH\Commands\Server\rewrite.php(47): require_once('D:\\web doc\\pmkp\\public\\index.php')
CRITICAL - 2023-11-30 09:16:24 --> Unsupported operand types: string + string
in APPPATH\Controllers\Main.php on line 36.
 1 SYSTEMPATH\CodeIgniter.php(932): App\Controllers\Main->detail_ikp('3')
 2 SYSTEMPATH\CodeIgniter.php(497): CodeIgniter\CodeIgniter->runController(Object(App\Controllers\Main))
 3 SYSTEMPATH\CodeIgniter.php(366): CodeIgniter\CodeIgniter->handleRequest(null, Object(Config\Cache), false)
 4 FCPATH\index.php(67): CodeIgniter\CodeIgniter->run()
 5 SYSTEMPATH\Commands\Server\rewrite.php(47): require_once('D:\\web doc\\pmkp\\public\\index.php')
CRITICAL - 2023-11-30 09:20:18 --> Undefined variable $detail_ikp
in APPPATH\Views\admin\v_detail_ikp.php on line 40.
 1 APPPATH\Views\admin\v_detail_ikp.php(40): CodeIgniter\Debug\Exceptions->errorHandler(2, 'Undefined variable $detail_ikp', 'D:\\web doc\\pmkp\\app\\Views\\admin\\v_detail_ikp.php', 40)
 2 SYSTEMPATH\View\View.php(224): include('D:\\web doc\\pmkp\\app\\Views\\admin\\v_detail_ikp.php')
 3 SYSTEMPATH\View\View.php(227): CodeIgniter\View\View->CodeIgniter\View\{closure}()
 4 SYSTEMPATH\Common.php(1180): CodeIgniter\View\View->render('admin/v_detail_ikp', [], true)
 5 APPPATH\Controllers\Main.php(43): view('admin/v_detail_ikp', [...])
 6 SYSTEMPATH\CodeIgniter.php(932): App\Controllers\Main->detail_ikp('3')
 7 SYSTEMPATH\CodeIgniter.php(497): CodeIgniter\CodeIgniter->runController(Object(App\Controllers\Main))
 8 SYSTEMPATH\CodeIgniter.php(366): CodeIgniter\CodeIgniter->handleRequest(null, Object(Config\Cache), false)
 9 FCPATH\index.php(67): CodeIgniter\CodeIgniter->run()
10 SYSTEMPATH\Commands\Server\rewrite.php(47): require_once('D:\\web doc\\pmkp\\public\\index.php')
